#
# There is insufficient memory for the Java Runtime Environment to continue.
# Native memory allocation (malloc) failed to allocate 2113936 bytes. Error detail: Chunk::new
# Possible reasons:
#   The system is out of physical RAM or swap space
#   This process is running with CompressedOops enabled, and the Java Heap may be blocking the growth of the native heap
# Possible solutions:
#   Reduce memory load on the system
#   Increase physical memory or swap space
#   Check if swap backing store is full
#   Decrease Java heap size (-Xmx/-Xms)
#   Decrease number of Java threads
#   Decrease Java thread stack sizes (-Xss)
#   Set larger code cache with -XX:ReservedCodeCacheSize=
#   JVM is running with Unscaled Compressed Oops mode in which the Java heap is
#     placed in the first 4GB address space. The Java Heap base address is the
#     maximum limit for the native heap growth. Please use -XX:HeapBaseMinAddress
#     to set the Java Heap base and to place the Java Heap above 4GB virtual address.
# This output file may be truncated or incomplete.
#
#  Out of Memory Error (arena.cpp:149), pid=7732, tid=9540
#
# JRE version: Java(TM) SE Runtime Environment (23.0+37) (build 23+37-2369)
# Java VM: Java HotSpot(TM) 64-Bit Server VM (23+37-2369, mixed mode, sharing, tiered, compressed oops, compressed class ptrs, g1 gc, windows-amd64)
# No core dump will be written. Minidumps are not enabled by default on client versions of Windows
#

---------------  S U M M A R Y ------------

Command Line: -javaagent:C:\Users\user11\IntelliJ IDEA Community Edition 2024.2.1\lib\idea_rt.jar=54584:C:\Users\user11\IntelliJ IDEA Community Edition 2024.2.1\bin -Dfile.encoding=UTF-8 -Dsun.stdout.encoding=UTF-8 -Dsun.stderr.encoding=UTF-8 ru.kulakov.IKMWebApplication.IkmWebApplication

Host: 12th Gen Intel(R) Core(TM) i3-1215U, 8 cores, 7G,  Windows 10 , 64 bit Build 17763 (10.0.17763.6292)
Time: Mon Jan 20 17:40:33 2025 RTZ 4 (зима) elapsed time: 11.331513 seconds (0d 0h 0m 11s)

---------------  T H R E A D  ---------------

Current thread (0x0000013f58bfaf90):  JavaThread "C2 CompilerThread0" daemon [_thread_in_native, id=9540, stack(0x0000001f3a600000,0x0000001f3a700000) (1024K)]


Current CompileTask:
C2:11331 6037       4       org.springframework.beans.factory.support.AbstractBeanFactory::isTypeMatch (745 bytes)

Stack: [0x0000001f3a600000,0x0000001f3a700000]
Native frames: (J=compiled Java code, j=interpreted, Vv=VM code, C=native code)
V  [jvm.dll+0x6e08a9]  (no source info available)
V  [jvm.dll+0x87da63]  (no source info available)
V  [jvm.dll+0x87feee]  (no source info available)
V  [jvm.dll+0x8805c3]  (no source info available)
V  [jvm.dll+0x27aee6]  (no source info available)
V  [jvm.dll+0xbc06f]  (no source info available)
V  [jvm.dll+0xbc2cb]  (no source info available)
V  [jvm.dll+0x3b3a62]  (no source info available)
V  [jvm.dll+0x38a42b]  (no source info available)
V  [jvm.dll+0x38989a]  (no source info available)
V  [jvm.dll+0x244aa1]  (no source info available)
V  [jvm.dll+0x243dff]  (no source info available)
V  [jvm.dll+0x1c33a0]  (no source info available)
V  [jvm.dll+0x253cf1]  (no source info available)
V  [jvm.dll+0x251faa]  (no source info available)
V  [jvm.dll+0x3ee036]  (no source info available)
V  [jvm.dll+0x824f1b]  (no source info available)
V  [jvm.dll+0x6df055]  (no source info available)
C  [ucrtbase.dll+0x2268a]  (no source info available)
C  [KERNEL32.DLL+0x17ac4]  (no source info available)
C  [ntdll.dll+0x5a8c1]  (no source info available)

Lock stack of current Java thread (top to bottom):


---------------  P R O C E S S  ---------------

Threads class SMR info:
_java_thread_list=0x0000013fa2209b60, length=20, elements={
0x0000013f3bf84db0, 0x0000013f58bef2e0, 0x0000013f58befea0, 0x0000013f58bf1dc0,
0x0000013f58bf3830, 0x0000013f58bf4290, 0x0000013f58bf4cf0, 0x0000013f58bfaf90,
0x0000013f58c31a80, 0x0000013f9e0c4b00, 0x0000013f9e42a1b0, 0x0000013f9e42a820,
0x0000013f9ee2ad70, 0x0000013f9ee2b400, 0x0000013f9ee2ba90, 0x0000013f9ee2c120,
0x0000013f9ee2c7b0, 0x0000013fa1cd8910, 0x0000013fa2d12870, 0x0000013fa2d15150
}

Java Threads: ( => current thread )
  0x0000013f3bf84db0 JavaThread "main"                              [_thread_in_Java, id=10540, stack(0x0000001f39800000,0x0000001f39900000) (1024K)]
  0x0000013f58bef2e0 JavaThread "Reference Handler"          daemon [_thread_blocked, id=2432, stack(0x0000001f3a000000,0x0000001f3a100000) (1024K)]
  0x0000013f58befea0 JavaThread "Finalizer"                  daemon [_thread_blocked, id=11728, stack(0x0000001f3a100000,0x0000001f3a200000) (1024K)]
  0x0000013f58bf1dc0 JavaThread "Signal Dispatcher"          daemon [_thread_blocked, id=1488, stack(0x0000001f3a200000,0x0000001f3a300000) (1024K)]
  0x0000013f58bf3830 JavaThread "Attach Listener"            daemon [_thread_blocked, id=10592, stack(0x0000001f3a300000,0x0000001f3a400000) (1024K)]
  0x0000013f58bf4290 JavaThread "Service Thread"             daemon [_thread_blocked, id=5692, stack(0x0000001f3a400000,0x0000001f3a500000) (1024K)]
  0x0000013f58bf4cf0 JavaThread "Monitor Deflation Thread"   daemon [_thread_blocked, id=8528, stack(0x0000001f3a500000,0x0000001f3a600000) (1024K)]
=>0x0000013f58bfaf90 JavaThread "C2 CompilerThread0"         daemon [_thread_in_native, id=9540, stack(0x0000001f3a600000,0x0000001f3a700000) (1024K)]
  0x0000013f58c31a80 JavaThread "C1 CompilerThread0"         daemon [_thread_in_native, id=1632, stack(0x0000001f3a700000,0x0000001f3a800000) (1024K)]
  0x0000013f9e0c4b00 JavaThread "Common-Cleaner"             daemon [_thread_blocked, id=3948, stack(0x0000001f3a800000,0x0000001f3a900000) (1024K)]
  0x0000013f9e42a1b0 JavaThread "Monitor Ctrl-Break"         daemon [_thread_in_native, id=9164, stack(0x0000001f3ab00000,0x0000001f3ac00000) (1024K)]
  0x0000013f9e42a820 JavaThread "Notification Thread"        daemon [_thread_blocked, id=9220, stack(0x0000001f3ac00000,0x0000001f3ad00000) (1024K)]
  0x0000013f9ee2ad70 JavaThread "Catalina-utility-1"                [_thread_blocked, id=3308, stack(0x0000001f3b400000,0x0000001f3b500000) (1024K)]
  0x0000013f9ee2b400 JavaThread "Catalina-utility-2"                [_thread_blocked, id=11240, stack(0x0000001f3b600000,0x0000001f3b700000) (1024K)]
  0x0000013f9ee2ba90 JavaThread "container-0"                       [_thread_blocked, id=4488, stack(0x0000001f3b700000,0x0000001f3b800000) (1024K)]
  0x0000013f9ee2c120 JavaThread "PostgreSQL-JDBC-Cleaner"    daemon [_thread_blocked, id=10228, stack(0x0000001f3b900000,0x0000001f3ba00000) (1024K)]
  0x0000013f9ee2c7b0 JavaThread "HikariPool-1 housekeeper"   daemon [_thread_blocked, id=6368, stack(0x0000001f3ba00000,0x0000001f3bb00000) (1024K)]
  0x0000013fa1cd8910 JavaThread "HikariPool-1 connection adder" daemon [_thread_blocked, id=1252, stack(0x0000001f3bb00000,0x0000001f3bc00000) (1024K)]
  0x0000013fa2d12870 JavaThread "C2 CompilerThread1"         daemon [_thread_in_native, id=6532, stack(0x0000001f3a900000,0x0000001f3aa00000) (1024K)]
  0x0000013fa2d15150 JavaThread "C2 CompilerThread2"         daemon [_thread_in_native, id=9748, stack(0x0000001f3b200000,0x0000001f3b300000) (1024K)]
Total: 20

Other Threads:
  0x0000013f58bd4890 VMThread "VM Thread"                           [id=2656, stack(0x0000001f39f00000,0x0000001f3a000000) (1024K)]
  0x0000013f58bc2580 WatcherThread "VM Periodic Task Thread"        [id=10368, stack(0x0000001f39e00000,0x0000001f39f00000) (1024K)]
  0x0000013f3bfdcad0 WorkerThread "GC Thread#0"                     [id=956, stack(0x0000001f39900000,0x0000001f39a00000) (1024K)]
  0x0000013f9ed27990 WorkerThread "GC Thread#1"                     [id=6528, stack(0x0000001f3aa00000,0x0000001f3ab00000) (1024K)]
  0x0000013f9eded1a0 WorkerThread "GC Thread#2"                     [id=9932, stack(0x0000001f3ad00000,0x0000001f3ae00000) (1024K)]
  0x0000013f9ededd60 WorkerThread "GC Thread#3"                     [id=11216, stack(0x0000001f3ae00000,0x0000001f3af00000) (1024K)]
  0x0000013f9edee720 WorkerThread "GC Thread#4"                     [id=8052, stack(0x0000001f3af00000,0x0000001f3b000000) (1024K)]
  0x0000013f9edeead0 WorkerThread "GC Thread#5"                     [id=7116, stack(0x0000001f3b000000,0x0000001f3b100000) (1024K)]
  0x0000013f9edeee80 WorkerThread "GC Thread#6"                     [id=8428, stack(0x0000001f3b100000,0x0000001f3b200000) (1024K)]
  0x0000013f9eeec150 WorkerThread "GC Thread#7"                     [id=11532, stack(0x0000001f3b300000,0x0000001f3b400000) (1024K)]
  0x0000013f3bff1280 ConcurrentGCThread "G1 Main Marker"            [id=7560, stack(0x0000001f39a00000,0x0000001f39b00000) (1024K)]
  0x0000013f3bff2860 WorkerThread "G1 Conc#0"                       [id=7172, stack(0x0000001f39b00000,0x0000001f39c00000) (1024K)]
  0x0000013f9eeec500 WorkerThread "G1 Conc#1"                       [id=6816, stack(0x0000001f3b500000,0x0000001f3b600000) (1024K)]
  0x0000013f3c03eb80 ConcurrentGCThread "G1 Refine#0"               [id=9312, stack(0x0000001f39c00000,0x0000001f39d00000) (1024K)]
  0x0000013f58a8f7b0 ConcurrentGCThread "G1 Service"                [id=2832, stack(0x0000001f39d00000,0x0000001f39e00000) (1024K)]
Total: 15

Threads with active compile tasks:
C2 CompilerThread0  11356 6037       4       org.springframework.beans.factory.support.AbstractBeanFactory::isTypeMatch (745 bytes)
C1 CompilerThread0  11356 6130   !   3       org.springframework.beans.factory.support.DefaultSingletonBeanRegistry::getSingleton (181 bytes)
C2 CompilerThread1  11356 6119       4       org.springframework.core.annotation.AnnotationsScanner::process (55 bytes)
C2 CompilerThread2  11356 6019       4       org.springframework.core.annotation.AnnotationsScanner::scan (21 bytes)
Total: 4

VM state: not at safepoint (normal execution)

VM Mutex/Monitor currently owned by a thread:  ([mutex/lock_event])
[0x00007ffae5672490] MethodCompileQueue_lock - owner thread: 0x0000013f58c31a80
[0x00007ffae5673810] CodeCache_lock - owner thread: 0x0000000000000000

Heap address: 0x0000000084000000, size: 1984 MB, Compressed Oops mode: 32-bit

CDS archive(s) mapped at: [0x0000013f59000000-0x0000013f59d70000-0x0000013f59d70000), size 14090240, SharedBaseAddress: 0x0000013f59000000, ArchiveRelocationMode: 1.
Compressed class space mapped at: 0x0000013f5a000000-0x0000013f9a000000, reserved size: 1073741824
Narrow klass base: 0x0000013f59000000, Narrow klass shift: 0, Narrow klass range: 0x41000000

GC Precious Log:
 CardTable entry size: 512
 Card Set container configuration: InlinePtr #cards 5 size 8 Array Of Cards #cards 10 size 36 Howl #buckets 4 coarsen threshold 1843 Howl Bitmap #cards 512 size 80 coarsen threshold 460 Card regions per heap region 1 cards per card region 2048
 CPUs: 8 total, 8 available
 Memory: 7929M
 Large Page Support: Disabled
 NUMA Support: Disabled
 Compressed Oops: Enabled (32-bit)
 Heap Region Size: 1M
 Heap Min Capacity: 8M
 Heap Initial Capacity: 124M
 Heap Max Capacity: 1984M
 Pre-touch: Disabled
 Parallel Workers: 8
 Concurrent Workers: 2
 Concurrent Refinement Workers: 8
 Periodic GC: Disabled

Heap:
 garbage-first heap   total reserved 2031616K, committed 54272K, used 32583K [0x0000000084000000, 0x0000000100000000)
  region size 1024K, 8 young (8192K), 3 survivors (3072K)
 Metaspace       used 64715K, committed 65344K, reserved 1114112K
  class space    used 9021K, committed 9280K, reserved 1048576K

Heap Regions: E=young(eden), S=young(survivor), O=old, HS=humongous(starts), HC=humongous(continues), CS=collection set, F=free, TAMS=top-at-mark-start, PB=parsable bottom
|   0|0x0000000084000000, 0x0000000084100000, 0x0000000084100000|100%|HS|  |TAMS 0x0000000084000000| PB 0x0000000084000000| Complete |  0
|   1|0x0000000084100000, 0x0000000084200000, 0x0000000084200000|100%|HS|  |TAMS 0x0000000084100000| PB 0x0000000084100000| Complete |  0
|   2|0x0000000084200000, 0x0000000084300000, 0x0000000084300000|100%| O|  |TAMS 0x0000000084200000| PB 0x0000000084200000| Untracked |  0
|   3|0x0000000084300000, 0x0000000084400000, 0x0000000084400000|100%| O|  |TAMS 0x0000000084300000| PB 0x0000000084300000| Untracked |  0
|   4|0x0000000084400000, 0x0000000084500000, 0x0000000084500000|100%| O|  |TAMS 0x0000000084400000| PB 0x0000000084400000| Untracked |  0
|   5|0x0000000084500000, 0x0000000084600000, 0x0000000084600000|100%| O|  |TAMS 0x0000000084500000| PB 0x0000000084500000| Untracked |  0
|   6|0x0000000084600000, 0x0000000084700000, 0x0000000084700000|100%| O|  |TAMS 0x0000000084600000| PB 0x0000000084600000| Untracked |  0
|   7|0x0000000084700000, 0x0000000084800000, 0x0000000084800000|100%| O|  |TAMS 0x0000000084700000| PB 0x0000000084700000| Untracked |  0
|   8|0x0000000084800000, 0x0000000084900000, 0x0000000084900000|100%| O|  |TAMS 0x0000000084800000| PB 0x0000000084800000| Untracked |  0
|   9|0x0000000084900000, 0x0000000084a00000, 0x0000000084a00000|100%| O|  |TAMS 0x0000000084900000| PB 0x0000000084900000| Untracked |  0
|  10|0x0000000084a00000, 0x0000000084b00000, 0x0000000084b00000|100%| O|  |TAMS 0x0000000084a00000| PB 0x0000000084a00000| Untracked |  0
|  11|0x0000000084b00000, 0x0000000084c00000, 0x0000000084c00000|100%| O|  |TAMS 0x0000000084b00000| PB 0x0000000084b00000| Untracked |  0
|  12|0x0000000084c00000, 0x0000000084d00000, 0x0000000084d00000|100%| O|  |TAMS 0x0000000084c00000| PB 0x0000000084c00000| Untracked |  0
|  13|0x0000000084d00000, 0x0000000084e00000, 0x0000000084e00000|100%| O|  |TAMS 0x0000000084d00000| PB 0x0000000084d00000| Untracked |  0
|  14|0x0000000084e00000, 0x0000000084f00000, 0x0000000084f00000|100%| O|  |TAMS 0x0000000084e00000| PB 0x0000000084e00000| Untracked |  0
|  15|0x0000000084f00000, 0x0000000085000000, 0x0000000085000000|100%| O|  |TAMS 0x0000000084f00000| PB 0x0000000084f00000| Untracked |  0
|  16|0x0000000085000000, 0x0000000085100000, 0x0000000085100000|100%| O|  |TAMS 0x0000000085000000| PB 0x0000000085000000| Untracked |  0
|  17|0x0000000085100000, 0x0000000085200000, 0x0000000085200000|100%| O|  |TAMS 0x0000000085100000| PB 0x0000000085100000| Untracked |  0
|  18|0x0000000085200000, 0x0000000085300000, 0x0000000085300000|100%| O|  |TAMS 0x0000000085200000| PB 0x0000000085200000| Untracked |  0
|  19|0x0000000085300000, 0x0000000085400000, 0x0000000085400000|100%| O|  |TAMS 0x0000000085300000| PB 0x0000000085300000| Untracked |  0
|  20|0x0000000085400000, 0x0000000085500000, 0x0000000085500000|100%| O|  |TAMS 0x0000000085400000| PB 0x0000000085400000| Untracked |  0
|  21|0x0000000085500000, 0x0000000085600000, 0x0000000085600000|100%| O|  |TAMS 0x0000000085500000| PB 0x0000000085500000| Untracked |  0
|  22|0x0000000085600000, 0x0000000085700000, 0x0000000085700000|100%| O|  |TAMS 0x0000000085600000| PB 0x0000000085600000| Untracked |  0
|  23|0x0000000085700000, 0x0000000085800000, 0x0000000085800000|100%| O|  |TAMS 0x0000000085700000| PB 0x0000000085700000| Untracked |  0
|  24|0x0000000085800000, 0x0000000085900000, 0x0000000085900000|100%| O|  |TAMS 0x0000000085800000| PB 0x0000000085800000| Untracked |  0
|  25|0x0000000085900000, 0x00000000859a1a90, 0x0000000085a00000| 63%| O|  |TAMS 0x0000000085900000| PB 0x0000000085900000| Untracked |  0
|  26|0x0000000085a00000, 0x0000000085a00000, 0x0000000085b00000|  0%| F|  |TAMS 0x0000000085a00000| PB 0x0000000085a00000| Untracked |  0
|  27|0x0000000085b00000, 0x0000000085b304f8, 0x0000000085c00000| 18%| S|CS|TAMS 0x0000000085b00000| PB 0x0000000085b00000| Complete |  0
|  28|0x0000000085c00000, 0x0000000085c00000, 0x0000000085d00000|  0%| F|  |TAMS 0x0000000085c00000| PB 0x0000000085c00000| Untracked |  0
|  29|0x0000000085d00000, 0x0000000085d00000, 0x0000000085e00000|  0%| F|  |TAMS 0x0000000085d00000| PB 0x0000000085d00000| Untracked |  0
|  30|0x0000000085e00000, 0x0000000085e00000, 0x0000000085f00000|  0%| F|  |TAMS 0x0000000085e00000| PB 0x0000000085e00000| Untracked |  0
|  31|0x0000000085f00000, 0x0000000086000000, 0x0000000086000000|100%| S|CS|TAMS 0x0000000085f00000| PB 0x0000000085f00000| Complete |  0
|  32|0x0000000086000000, 0x0000000086100000, 0x0000000086100000|100%| S|CS|TAMS 0x0000000086000000| PB 0x0000000086000000| Complete |  0
|  33|0x0000000086100000, 0x0000000086100000, 0x0000000086200000|  0%| F|  |TAMS 0x0000000086100000| PB 0x0000000086100000| Untracked |  0
|  34|0x0000000086200000, 0x0000000086200000, 0x0000000086300000|  0%| F|  |TAMS 0x0000000086200000| PB 0x0000000086200000| Untracked |  0
|  35|0x0000000086300000, 0x0000000086300000, 0x0000000086400000|  0%| F|  |TAMS 0x0000000086300000| PB 0x0000000086300000| Untracked |  0
|  36|0x0000000086400000, 0x0000000086400000, 0x0000000086500000|  0%| F|  |TAMS 0x0000000086400000| PB 0x0000000086400000| Untracked |  0
|  37|0x0000000086500000, 0x0000000086500000, 0x0000000086600000|  0%| F|  |TAMS 0x0000000086500000| PB 0x0000000086500000| Untracked |  0
|  38|0x0000000086600000, 0x0000000086600000, 0x0000000086700000|  0%| F|  |TAMS 0x0000000086600000| PB 0x0000000086600000| Untracked |  0
|  39|0x0000000086700000, 0x0000000086700000, 0x0000000086800000|  0%| F|  |TAMS 0x0000000086700000| PB 0x0000000086700000| Untracked |  0
|  40|0x0000000086800000, 0x0000000086800000, 0x0000000086900000|  0%| F|  |TAMS 0x0000000086800000| PB 0x0000000086800000| Untracked |  0
|  41|0x0000000086900000, 0x0000000086900000, 0x0000000086a00000|  0%| F|  |TAMS 0x0000000086900000| PB 0x0000000086900000| Untracked |  0
|  42|0x0000000086a00000, 0x0000000086a00000, 0x0000000086b00000|  0%| F|  |TAMS 0x0000000086a00000| PB 0x0000000086a00000| Untracked |  0
|  43|0x0000000086b00000, 0x0000000086b00000, 0x0000000086c00000|  0%| F|  |TAMS 0x0000000086b00000| PB 0x0000000086b00000| Untracked |  0
|  44|0x0000000086c00000, 0x0000000086c00000, 0x0000000086d00000|  0%| F|  |TAMS 0x0000000086c00000| PB 0x0000000086c00000| Untracked |  0
|  45|0x0000000086d00000, 0x0000000086d00000, 0x0000000086e00000|  0%| F|  |TAMS 0x0000000086d00000| PB 0x0000000086d00000| Untracked |  0
|  84|0x0000000089400000, 0x0000000089400000, 0x0000000089500000|  0%| F|  |TAMS 0x0000000089400000| PB 0x0000000089400000| Untracked |  0
|  85|0x0000000089500000, 0x0000000089500000, 0x0000000089600000|  0%| F|  |TAMS 0x0000000089500000| PB 0x0000000089500000| Untracked |  0
|  86|0x0000000089600000, 0x00000000896c8d78, 0x0000000089700000| 78%| E|  |TAMS 0x0000000089600000| PB 0x0000000089600000| Complete |  0
|  87|0x0000000089700000, 0x0000000089800000, 0x0000000089800000|100%| E|CS|TAMS 0x0000000089700000| PB 0x0000000089700000| Complete |  0
|  88|0x0000000089800000, 0x0000000089900000, 0x0000000089900000|100%| E|CS|TAMS 0x0000000089800000| PB 0x0000000089800000| Complete |  0
| 122|0x000000008ba00000, 0x000000008bb00000, 0x000000008bb00000|100%| E|CS|TAMS 0x000000008ba00000| PB 0x000000008ba00000| Complete |  0
| 123|0x000000008bb00000, 0x000000008bc00000, 0x000000008bc00000|100%| E|CS|TAMS 0x000000008bb00000| PB 0x000000008bb00000| Complete |  0

Card table byte_map: [0x0000013f53ed0000,0x0000013f542b0000] _byte_map_base: 0x0000013f53ab0000

Marking Bits: (CMBitMap*) 0x0000013f3bfdd0f0
 Bits: [0x0000013f542b0000, 0x0000013f561b0000)

Polling page: 0x0000013f39cf0000

Metaspace:

Usage:
  Non-class:     54.39 MB used.
      Class:      8.81 MB used.
       Both:     63.20 MB used.

Virtual space:
  Non-class space:       64.00 MB reserved,      54.75 MB ( 86%) committed,  1 nodes.
      Class space:        1.00 GB reserved,       9.06 MB ( <1%) committed,  1 nodes.
             Both:        1.06 GB reserved,      63.81 MB (  6%) committed. 

Chunk freelists:
   Non-Class:  9.28 MB
       Class:  6.94 MB
        Both:  16.22 MB

MaxMetaspaceSize: unlimited
CompressedClassSpaceSize: 1.00 GB
Initial GC threshold: 21.00 MB
Current GC threshold: 80.00 MB
CDS: on
 - commit_granule_bytes: 65536.
 - commit_granule_words: 8192.
 - virtual_space_node_default_size: 8388608.
 - enlarge_chunks_in_place: 1.
 - use_allocation_guard: 0.


Internal statistics:

num_allocs_failed_limit: 6.
num_arena_births: 894.
num_arena_deaths: 0.
num_vsnodes_births: 2.
num_vsnodes_deaths: 0.
num_space_committed: 1021.
num_space_uncommitted: 0.
num_chunks_returned_to_freelist: 6.
num_chunks_taken_from_freelist: 3194.
num_chunk_merges: 6.
num_chunk_splits: 2309.
num_chunks_enlarged: 1798.
num_inconsistent_stats: 0.

CodeHeap 'non-profiled nmethods': size=120064Kb used=2743Kb max_used=2743Kb free=117320Kb
 bounds [0x0000013f4c170000, 0x0000013f4c420000, 0x0000013f536b0000]
CodeHeap 'profiled nmethods': size=120000Kb used=8229Kb max_used=8229Kb free=111770Kb
 bounds [0x0000013f446b0000, 0x0000013f44ec0000, 0x0000013f4bbe0000]
CodeHeap 'non-nmethods': size=5696Kb used=1668Kb max_used=1729Kb free=4027Kb
 bounds [0x0000013f4bbe0000, 0x0000013f4be50000, 0x0000013f4c170000]
CodeCache: size=245760Kb, used=12640Kb, max_used=12701Kb, free=233117Kb
 total_blobs=6160, nmethods=5437, adapters=627, full_count=0
Compilation: enabled, stopped_count=0, restarted_count=0

Compilation events (20 events):
Event: 11.300 Thread 0x0000013f58c31a80 6113       3       java.util.concurrent.locks.ReentrantLock$Sync::tryLock (63 bytes)
Event: 11.301 Thread 0x0000013f58c31a80 nmethod 6113 0x0000013f44eac088 code [0x0000013f44eac1e0, 0x0000013f44eac5e8]
Event: 11.301 Thread 0x0000013f58c31a80 6114       3       jdk.internal.reflect.MethodHandleAccessorFactory::specializedMethodType (216 bytes)
Event: 11.302 Thread 0x0000013f58c31a80 nmethod 6114 0x0000013f44eac688 code [0x0000013f44eac960, 0x0000013f44eae570]
Event: 11.302 Thread 0x0000013f58c31a80 6115       3       java.lang.ReflectiveOperationException::<init> (6 bytes)
Event: 11.302 Thread 0x0000013f58c31a80 nmethod 6115 0x0000013f44eae608 code [0x0000013f44eae740, 0x0000013f44eae8d8]
Event: 11.303 Thread 0x0000013f58c31a80 6116   !   3       java.net.URL::<init> (543 bytes)
Event: 11.307 Thread 0x0000013f58c31a80 nmethod 6116 0x0000013f44eae908 code [0x0000013f44eaee80, 0x0000013f44eb2148]
Event: 11.312 Thread 0x0000013f58c31a80 6118       3       java.lang.Class::copyFields (36 bytes)
Event: 11.313 Thread 0x0000013f58c31a80 nmethod 6118 0x0000013f44eb2288 code [0x0000013f44eb2480, 0x0000013f44eb2f00]
Event: 11.315 Thread 0x0000013fa2d12870 nmethod 5812 0x0000013f4c413e88 code [0x0000013f4c414a60, 0x0000013f4c41d308]
Event: 11.317 Thread 0x0000013fa2d12870 6119       4       org.springframework.core.annotation.AnnotationsScanner::process (55 bytes)
Event: 11.320 Thread 0x0000013f58c31a80 6121       3       java.lang.invoke.LambdaForm$MH/0x0000013f5a4a4000::invoke (42 bytes)
Event: 11.321 Thread 0x0000013f58c31a80 nmethod 6121 0x0000013f44eb2f88 code [0x0000013f44eb3160, 0x0000013f44eb3ca8]
Event: 11.321 Thread 0x0000013f58c31a80 6122       3       org.springframework.beans.factory.annotation.InitDestroyAnnotationBeanPostProcessor$$Lambda/0x0000013f5a3b5e30::<init> (26 bytes)
Event: 11.321 Thread 0x0000013f58c31a80 nmethod 6122 0x0000013f44eb3d88 code [0x0000013f44eb3ec0, 0x0000013f44eb4198]
Event: 11.322 Thread 0x0000013f58c31a80 6123   !   3       jdk.proxy2.$Proxy7::annotationType (28 bytes)
Event: 11.322 Thread 0x0000013f58c31a80 nmethod 6123 0x0000013f44eb4208 code [0x0000013f44eb4360, 0x0000013f44eb4740]
Event: 11.322 Thread 0x0000013f58c31a80 6124       3       org.springframework.aop.scope.ScopedProxyUtils::isScopedTarget (19 bytes)
Event: 11.322 Thread 0x0000013f58c31a80 nmethod 6124 0x0000013f44eb4788 code [0x0000013f44eb48c0, 0x0000013f44eb4ad8]

GC Heap History (20 events):
Event: 5.169 GC heap before
{Heap before GC invocations=6 (full 0):
 garbage-first heap   total reserved 2031616K, committed 45056K, used 34184K [0x0000000084000000, 0x0000000100000000)
  region size 1024K, 20 young (20480K), 2 survivors (2048K)
 Metaspace       used 31100K, committed 31552K, reserved 1114112K
  class space    used 4104K, committed 4288K, reserved 1048576K
}
Event: 5.177 GC heap after
{Heap after GC invocations=7 (full 0):
 garbage-first heap   total reserved 2031616K, committed 45056K, used 18675K [0x0000000084000000, 0x0000000100000000)
  region size 1024K, 3 young (3072K), 3 survivors (3072K)
 Metaspace       used 31100K, committed 31552K, reserved 1114112K
  class space    used 4104K, committed 4288K, reserved 1048576K
}
Event: 5.963 GC heap before
{Heap before GC invocations=7 (full 0):
 garbage-first heap   total reserved 2031616K, committed 45056K, used 35059K [0x0000000084000000, 0x0000000100000000)
  region size 1024K, 20 young (20480K), 3 survivors (3072K)
 Metaspace       used 34632K, committed 35200K, reserved 1114112K
  class space    used 4554K, committed 4800K, reserved 1048576K
}
Event: 5.969 GC heap after
{Heap after GC invocations=8 (full 0):
 garbage-first heap   total reserved 2031616K, committed 45056K, used 20520K [0x0000000084000000, 0x0000000100000000)
  region size 1024K, 2 young (2048K), 2 survivors (2048K)
 Metaspace       used 34632K, committed 35200K, reserved 1114112K
  class space    used 4554K, committed 4800K, reserved 1048576K
}
Event: 6.091 GC heap before
{Heap before GC invocations=8 (full 0):
 garbage-first heap   total reserved 2031616K, committed 45056K, used 23592K [0x0000000084000000, 0x0000000100000000)
  region size 1024K, 6 young (6144K), 2 survivors (2048K)
 Metaspace       used 35608K, committed 36096K, reserved 1114112K
  class space    used 4710K, committed 4928K, reserved 1048576K
}
Event: 6.093 GC heap after
{Heap after GC invocations=9 (full 0):
 garbage-first heap   total reserved 2031616K, committed 45056K, used 20503K [0x0000000084000000, 0x0000000100000000)
  region size 1024K, 2 young (2048K), 2 survivors (2048K)
 Metaspace       used 35608K, committed 36096K, reserved 1114112K
  class space    used 4710K, committed 4928K, reserved 1048576K
}
Event: 6.752 GC heap before
{Heap before GC invocations=10 (full 0):
 garbage-first heap   total reserved 2031616K, committed 45056K, used 36887K [0x0000000084000000, 0x0000000100000000)
  region size 1024K, 19 young (19456K), 2 survivors (2048K)
 Metaspace       used 39948K, committed 40512K, reserved 1114112K
  class space    used 5463K, committed 5696K, reserved 1048576K
}
Event: 6.759 GC heap after
{Heap after GC invocations=11 (full 0):
 garbage-first heap   total reserved 2031616K, committed 45056K, used 21385K [0x0000000084000000, 0x0000000100000000)
  region size 1024K, 3 young (3072K), 3 survivors (3072K)
 Metaspace       used 39948K, committed 40512K, reserved 1114112K
  class space    used 5463K, committed 5696K, reserved 1048576K
}
Event: 7.690 GC heap before
{Heap before GC invocations=11 (full 0):
 garbage-first heap   total reserved 2031616K, committed 45056K, used 36745K [0x0000000084000000, 0x0000000100000000)
  region size 1024K, 19 young (19456K), 3 survivors (3072K)
 Metaspace       used 45197K, committed 45696K, reserved 1114112K
  class space    used 6152K, committed 6400K, reserved 1048576K
}
Event: 7.696 GC heap after
{Heap after GC invocations=12 (full 0):
 garbage-first heap   total reserved 2031616K, committed 45056K, used 22408K [0x0000000084000000, 0x0000000100000000)
  region size 1024K, 3 young (3072K), 3 survivors (3072K)
 Metaspace       used 45197K, committed 45696K, reserved 1114112K
  class space    used 6152K, committed 6400K, reserved 1048576K
}
Event: 8.276 GC heap before
{Heap before GC invocations=12 (full 0):
 garbage-first heap   total reserved 2031616K, committed 45056K, used 36744K [0x0000000084000000, 0x0000000100000000)
  region size 1024K, 18 young (18432K), 3 survivors (3072K)
 Metaspace       used 48572K, committed 49152K, reserved 1114112K
  class space    used 6577K, committed 6848K, reserved 1048576K
}
Event: 8.280 GC heap after
{Heap after GC invocations=13 (full 0):
 garbage-first heap   total reserved 2031616K, committed 45056K, used 23233K [0x0000000084000000, 0x0000000100000000)
  region size 1024K, 3 young (3072K), 3 survivors (3072K)
 Metaspace       used 48572K, committed 49152K, reserved 1114112K
  class space    used 6577K, committed 6848K, reserved 1048576K
}
Event: 8.935 GC heap before
{Heap before GC invocations=14 (full 0):
 garbage-first heap   total reserved 2031616K, committed 45056K, used 36545K [0x0000000084000000, 0x0000000100000000)
  region size 1024K, 17 young (17408K), 3 survivors (3072K)
 Metaspace       used 53345K, committed 53952K, reserved 1114112K
  class space    used 7331K, committed 7616K, reserved 1048576K
}
Event: 8.947 GC heap after
{Heap after GC invocations=15 (full 0):
 garbage-first heap   total reserved 2031616K, committed 45056K, used 24242K [0x0000000084000000, 0x0000000100000000)
  region size 1024K, 2 young (2048K), 2 survivors (2048K)
 Metaspace       used 53345K, committed 53952K, reserved 1114112K
  class space    used 7331K, committed 7616K, reserved 1048576K
}
Event: 9.417 GC heap before
{Heap before GC invocations=15 (full 0):
 garbage-first heap   total reserved 2031616K, committed 45056K, used 38578K [0x0000000084000000, 0x0000000100000000)
  region size 1024K, 17 young (17408K), 2 survivors (2048K)
 Metaspace       used 56638K, committed 57280K, reserved 1114112K
  class space    used 7903K, committed 8192K, reserved 1048576K
}
Event: 9.432 GC heap after
{Heap after GC invocations=16 (full 0):
 garbage-first heap   total reserved 2031616K, committed 54272K, used 24390K [0x0000000084000000, 0x0000000100000000)
  region size 1024K, 2 young (2048K), 2 survivors (2048K)
 Metaspace       used 56638K, committed 57280K, reserved 1114112K
  class space    used 7903K, committed 8192K, reserved 1048576K
}
Event: 10.711 GC heap before
{Heap before GC invocations=16 (full 0):
 garbage-first heap   total reserved 2031616K, committed 54272K, used 46918K [0x0000000084000000, 0x0000000100000000)
  region size 1024K, 24 young (24576K), 2 survivors (2048K)
 Metaspace       used 61327K, committed 61952K, reserved 1114112K
  class space    used 8560K, committed 8832K, reserved 1048576K
}
Event: 10.717 GC heap after
{Heap after GC invocations=17 (full 0):
 garbage-first heap   total reserved 2031616K, committed 54272K, used 26164K [0x0000000084000000, 0x0000000100000000)
  region size 1024K, 3 young (3072K), 3 survivors (3072K)
 Metaspace       used 61327K, committed 61952K, reserved 1114112K
  class space    used 8560K, committed 8832K, reserved 1048576K
}
Event: 11.229 GC heap before
{Heap before GC invocations=17 (full 0):
 garbage-first heap   total reserved 2031616K, committed 54272K, used 45620K [0x0000000084000000, 0x0000000100000000)
  region size 1024K, 23 young (23552K), 3 survivors (3072K)
 Metaspace       used 63942K, committed 64640K, reserved 1114112K
  class space    used 8908K, committed 9216K, reserved 1048576K
}
Event: 11.234 GC heap after
{Heap after GC invocations=18 (full 0):
 garbage-first heap   total reserved 2031616K, committed 54272K, used 28487K [0x0000000084000000, 0x0000000100000000)
  region size 1024K, 3 young (3072K), 3 survivors (3072K)
 Metaspace       used 63942K, committed 64640K, reserved 1114112K
  class space    used 8908K, committed 9216K, reserved 1048576K
}

Dll operation events (14 events):
Event: 0.021 Loaded shared library C:\Program Files\Java\jdk-23\bin\java.dll
Event: 0.061 Loaded shared library C:\Program Files\Java\jdk-23\bin\jsvml.dll
Event: 0.181 Loaded shared library C:\Program Files\Java\jdk-23\bin\zip.dll
Event: 0.186 Loaded shared library C:\Program Files\Java\jdk-23\bin\instrument.dll
Event: 0.192 Loaded shared library C:\Program Files\Java\jdk-23\bin\net.dll
Event: 0.196 Loaded shared library C:\Program Files\Java\jdk-23\bin\nio.dll
Event: 0.200 Loaded shared library C:\Program Files\Java\jdk-23\bin\zip.dll
Event: 0.330 Loaded shared library C:\Users\user11\IntelliJ IDEA Community Edition 2024.2.1\bin\breakgen64.dll
Event: 0.343 Loaded shared library C:\Program Files\Java\jdk-23\bin\extnet.dll
Event: 0.393 Loaded shared library C:\Program Files\Java\jdk-23\bin\jimage.dll
Event: 3.294 Loaded shared library C:\Program Files\Java\jdk-23\bin\sunmscapi.dll
Event: 5.335 Loaded shared library C:\Program Files\Java\jdk-23\bin\management.dll
Event: 5.339 Loaded shared library C:\Program Files\Java\jdk-23\bin\management_ext.dll
Event: 6.352 Loaded shared library C:\Program Files\Java\jdk-23\bin\verify.dll

Deoptimization events (20 events):
Event: 11.113 Thread 0x0000013f3bf84db0 Uncommon trap: trap_request=0xffffffde fr.pc=0x0000013f4c3fa050 relative=0x0000000000000110
Event: 11.113 Thread 0x0000013f3bf84db0 Uncommon trap: reason=class_check action=maybe_recompile pc=0x0000013f4c3fa050 method=org.springframework.core.annotation.TypeMappedAnnotations.scan(Ljava/lang/Object;Lorg/springframework/core/annotation/AnnotationsProcessor;)Ljava/lang/Object; @ 18 c2
Event: 11.113 Thread 0x0000013f3bf84db0 DEOPT PACKING pc=0x0000013f4c3fa050 sp=0x0000001f398fdd80
Event: 11.113 Thread 0x0000013f3bf84db0 DEOPT UNPACKING pc=0x0000013f4bc34402 sp=0x0000001f398fdd08 mode 2
Event: 11.113 Thread 0x0000013f3bf84db0 Uncommon trap: trap_request=0xffffffde fr.pc=0x0000013f4c3fa050 relative=0x0000000000000110
Event: 11.113 Thread 0x0000013f3bf84db0 Uncommon trap: reason=class_check action=maybe_recompile pc=0x0000013f4c3fa050 method=org.springframework.core.annotation.TypeMappedAnnotations.scan(Ljava/lang/Object;Lorg/springframework/core/annotation/AnnotationsProcessor;)Ljava/lang/Object; @ 18 c2
Event: 11.113 Thread 0x0000013f3bf84db0 DEOPT PACKING pc=0x0000013f4c3fa050 sp=0x0000001f398fdd80
Event: 11.113 Thread 0x0000013f3bf84db0 DEOPT UNPACKING pc=0x0000013f4bc34402 sp=0x0000001f398fdd08 mode 2
Event: 11.117 Thread 0x0000013f3bf84db0 Uncommon trap: trap_request=0xffffffde fr.pc=0x0000013f4c3fa050 relative=0x0000000000000110
Event: 11.117 Thread 0x0000013f3bf84db0 Uncommon trap: reason=class_check action=maybe_recompile pc=0x0000013f4c3fa050 method=org.springframework.core.annotation.TypeMappedAnnotations.scan(Ljava/lang/Object;Lorg/springframework/core/annotation/AnnotationsProcessor;)Ljava/lang/Object; @ 18 c2
Event: 11.117 Thread 0x0000013f3bf84db0 DEOPT PACKING pc=0x0000013f4c3fa050 sp=0x0000001f398fdd80
Event: 11.117 Thread 0x0000013f3bf84db0 DEOPT UNPACKING pc=0x0000013f4bc34402 sp=0x0000001f398fdd08 mode 2
Event: 11.117 Thread 0x0000013f3bf84db0 Uncommon trap: trap_request=0xffffffde fr.pc=0x0000013f4c3fa050 relative=0x0000000000000110
Event: 11.117 Thread 0x0000013f3bf84db0 Uncommon trap: reason=class_check action=maybe_recompile pc=0x0000013f4c3fa050 method=org.springframework.core.annotation.TypeMappedAnnotations.scan(Ljava/lang/Object;Lorg/springframework/core/annotation/AnnotationsProcessor;)Ljava/lang/Object; @ 18 c2
Event: 11.117 Thread 0x0000013f3bf84db0 DEOPT PACKING pc=0x0000013f4c3fa050 sp=0x0000001f398fdd80
Event: 11.117 Thread 0x0000013f3bf84db0 DEOPT UNPACKING pc=0x0000013f4bc34402 sp=0x0000001f398fdd08 mode 2
Event: 11.268 Thread 0x0000013f3bf84db0 Uncommon trap: trap_request=0xffffff45 fr.pc=0x0000013f4c39c9fc relative=0x000000000000145c
Event: 11.268 Thread 0x0000013f3bf84db0 Uncommon trap: reason=unstable_if action=reinterpret pc=0x0000013f4c39c9fc method=java.net.URL.<init>(Ljava/net/URL;Ljava/lang/String;Ljava/net/URLStreamHandler;)V @ 30 c2
Event: 11.268 Thread 0x0000013f3bf84db0 DEOPT PACKING pc=0x0000013f4c39c9fc sp=0x0000001f398fda60
Event: 11.268 Thread 0x0000013f3bf84db0 DEOPT UNPACKING pc=0x0000013f4bc34402 sp=0x0000001f398fda10 mode 2

Classes loaded (20 events):
Event: 10.770 Loading class java/util/regex/Pattern$SliceI
Event: 10.770 Loading class java/util/regex/Pattern$SliceI done
Event: 10.771 Loading class java/util/regex/Pattern$LookBehindEndNode
Event: 10.771 Loading class java/util/regex/Pattern$LookBehindEndNode done
Event: 10.771 Loading class java/util/regex/Pattern$NotBehind
Event: 10.771 Loading class java/util/regex/Pattern$NotBehind done
Event: 10.771 Loading class java/util/regex/Pattern$Behind
Event: 10.771 Loading class java/util/regex/Pattern$Behind done
Event: 10.986 Loading class java/nio/charset/UnsupportedCharsetException
Event: 10.986 Loading class java/nio/charset/UnsupportedCharsetException done
Event: 11.089 Loading class java/util/Comparators$NullComparator
Event: 11.089 Loading class java/util/Comparators$NullComparator done
Event: 11.124 Loading class java/util/AbstractList$SubList$1
Event: 11.125 Loading class java/util/AbstractList$SubList$1 done
Event: 11.206 Loading class java/util/EnumMap$EntrySet
Event: 11.206 Loading class java/util/EnumMap$EntrySet done
Event: 11.207 Loading class java/util/EnumMap$EntryIterator
Event: 11.207 Loading class java/util/EnumMap$EnumMapIterator
Event: 11.208 Loading class java/util/EnumMap$EnumMapIterator done
Event: 11.208 Loading class java/util/EnumMap$EntryIterator done

Classes unloaded (0 events):
No events

Classes redefined (0 events):
No events

Internal exceptions (20 events):
Event: 9.614 Thread 0x0000013f3bf84db0 Exception <a 'java/lang/NoSuchMethodError'{0x000000008baf7fc0}: 'java.lang.Object java.lang.invoke.DirectMethodHandle$Holder.newInvokeSpecial(java.lang.Object, java.lang.Object, int, java.lang.Object, int, java.lang.Object, java.lang.Object)'> (0x000000008baf7fc0) 
thrown [s\open\src\hotspot\share\interpreter\linkResolver.cpp, line 796]
Event: 9.644 Thread 0x0000013f3bf84db0 Exception <a 'java/lang/NoSuchMethodError'{0x000000008983e178}: 'java.lang.Object java.lang.invoke.DirectMethodHandle$Holder.newInvokeSpecial(java.lang.Object, java.lang.Object, java.lang.Object, java.lang.Object, java.lang.Object, java.lang.Object, java.lang.Object, int)'> (0x000000008983e178) 
thrown [s\open\src\hotspot\share\interpreter\linkResolver.cpp, line 796]
Event: 9.646 Thread 0x0000013f3bf84db0 Exception <a 'java/lang/NoSuchMethodError'{0x00000000898426e8}: 'java.lang.Object java.lang.invoke.DirectMethodHandle$Holder.invokeSpecial(java.lang.Object, java.lang.Object, java.lang.Object, java.lang.Object, java.lang.Object, java.lang.Object, java.lang.Object, java.lang.Object, int)'> (0x00000000898426e8) 
thrown [s\open\src\hotspot\share\interpreter\linkResolver.cpp, line 796]
Event: 9.647 Thread 0x0000013f3bf84db0 Exception <a 'java/lang/NoSuchMethodError'{0x00000000898466d0}: 'java.lang.Object java.lang.invoke.Invokers$Holder.linkToTargetMethod(java.lang.Object, java.lang.Object, java.lang.Object, java.lang.Object, java.lang.Object, java.lang.Object, int, java.lang.Object)'> (0x00000000898466d0) 
thrown [s\open\src\hotspot\share\interpreter\linkResolver.cpp, line 796]
Event: 9.755 Thread 0x0000013f3bf84db0 Exception <a 'java/lang/NoSuchMethodError'{0x00000000898fdfc0}: 'void java.lang.invoke.DirectMethodHandle$Holder.invokeInterface(java.lang.Object, java.lang.Object)'> (0x00000000898fdfc0) 
thrown [s\open\src\hotspot\share\interpreter\linkResolver.cpp, line 796]
Event: 10.218 Thread 0x0000013f3bf84db0 Exception <a 'java/lang/NoSuchMethodError'{0x00000000894f1478}: 'java.lang.Object java.lang.invoke.DirectMethodHandle$Holder.invokeSpecial(java.lang.Object, java.lang.Object, int, java.lang.Object, int)'> (0x00000000894f1478) 
thrown [s\open\src\hotspot\share\interpreter\linkResolver.cpp, line 796]
Event: 10.326 Thread 0x0000013f3bf84db0 Exception <a 'java/lang/NoSuchMethodError'{0x0000000086df85b8}: 'void java.lang.invoke.Invokers$Holder.invokeExact_MT(java.lang.Object, java.lang.Object, java.lang.Object, java.lang.Object)'> (0x0000000086df85b8) 
thrown [s\open\src\hotspot\share\interpreter\linkResolver.cpp, line 796]
Event: 10.358 Thread 0x0000013f3bf84db0 Implicit null exception at 0x0000013f4c32cff3 to 0x0000013f4c32d25c
Event: 10.377 Thread 0x0000013f3bf84db0 Implicit null exception at 0x0000013f4c2b1cc2 to 0x0000013f4c2b1ffc
Event: 10.377 Thread 0x0000013f3bf84db0 Implicit null exception at 0x0000013f4c282d1a to 0x0000013f4c282d54
Event: 10.429 Thread 0x0000013f3bf84db0 Exception <a 'java/lang/IncompatibleClassChangeError'{0x0000000086872570}: Found class java.lang.Object, but interface was expected> (0x0000000086872570) 
thrown [s\open\src\hotspot\share\interpreter\linkResolver.cpp, line 863]
Event: 10.476 Thread 0x0000013f3bf84db0 Exception <a 'java/lang/IncompatibleClassChangeError'{0x00000000867f31e8}: Found class java.lang.Object, but interface was expected> (0x00000000867f31e8) 
thrown [s\open\src\hotspot\share\interpreter\linkResolver.cpp, line 863]
Event: 10.664 Thread 0x0000013f3bf84db0 Exception <a 'java/lang/IncompatibleClassChangeError'{0x00000000860153b8}: Found class java.lang.Object, but interface was expected> (0x00000000860153b8) 
thrown [s\open\src\hotspot\share\interpreter\linkResolver.cpp, line 863]
Event: 10.750 Thread 0x0000013f3bf84db0 Exception <a 'java/lang/IncompatibleClassChangeError'{0x000000008bbccbf8}: Found class java.lang.Object, but interface was expected> (0x000000008bbccbf8) 
thrown [s\open\src\hotspot\share\interpreter\linkResolver.cpp, line 863]
Event: 10.750 Thread 0x0000013f3bf84db0 Exception <a 'java/lang/IncompatibleClassChangeError'{0x000000008bbd1fd0}: Found class java.lang.Object, but interface was expected> (0x000000008bbd1fd0) 
thrown [s\open\src\hotspot\share\interpreter\linkResolver.cpp, line 863]
Event: 10.790 Thread 0x0000013f3bf84db0 Exception <a 'java/lang/NoSuchMethodError'{0x000000008989fe58}: 'java.lang.Object java.lang.invoke.DirectMethodHandle$Holder.invokeStatic(java.lang.Object, int, java.lang.Object)'> (0x000000008989fe58) 
thrown [s\open\src\hotspot\share\interpreter\linkResolver.cpp, line 796]
Event: 10.911 Thread 0x0000013f3bf84db0 Exception <a 'java/lang/NoSuchMethodError'{0x0000000086b5f2e0}: 'java.lang.Object java.lang.invoke.DirectMethodHandle$Holder.invokeInterface(java.lang.Object, java.lang.Object, java.lang.Object, java.lang.Object)'> (0x0000000086b5f2e0) 
thrown [s\open\src\hotspot\share\interpreter\linkResolver.cpp, line 796]
Event: 10.953 Thread 0x0000013f3bf84db0 Exception <a 'java/lang/NoSuchMethodError'{0x0000000086ac7340}: 'java.lang.Object java.lang.invoke.DirectMethodHandle$Holder.newInvokeSpecial(java.lang.Object, java.lang.Object, java.lang.Object, java.lang.Object, java.lang.Object, java.lang.Object, java.lang.Object, java.lang.Object)'> (0x0000000086ac7340) 
thrown [s\open\src\hotspot\share\interpreter\linkResolver.cpp, line 796]
Event: 11.245 Thread 0x0000013f3bf84db0 Exception <a 'java/lang/IncompatibleClassChangeError'{0x000000008bb6c448}: Found class java.lang.Object, but interface was expected> (0x000000008bb6c448) 
thrown [s\open\src\hotspot\share\interpreter\linkResolver.cpp, line 863]
Event: 11.310 Thread 0x0000013f3bf84db0 Exception <a 'java/lang/NoSuchMethodError'{0x000000008bafbaa8}: 'void java.lang.invoke.DirectMethodHandle$Holder.invokeVirtual(java.lang.Object, java.lang.Object, long)'> (0x000000008bafbaa8) 
thrown [s\open\src\hotspot\share\interpreter\linkResolver.cpp, line 796]

VM Operations (20 events):
Event: 8.935 Executing VM operation: G1CollectForAllocation (G1 Evacuation Pause)
Event: 8.947 Executing VM operation: G1CollectForAllocation (G1 Evacuation Pause) done
Event: 8.987 Executing VM operation: HandshakeAllThreads (Deoptimize)
Event: 8.987 Executing VM operation: HandshakeAllThreads (Deoptimize) done
Event: 9.417 Executing VM operation: G1CollectForAllocation (G1 Evacuation Pause)
Event: 9.432 Executing VM operation: G1CollectForAllocation (G1 Evacuation Pause) done
Event: 10.675 Executing VM operation: HandshakeAllThreads (Deoptimize)
Event: 10.675 Executing VM operation: HandshakeAllThreads (Deoptimize) done
Event: 10.676 Executing VM operation: HandshakeAllThreads (Deoptimize)
Event: 10.676 Executing VM operation: HandshakeAllThreads (Deoptimize) done
Event: 10.711 Executing VM operation: G1CollectForAllocation (G1 Evacuation Pause)
Event: 10.717 Executing VM operation: G1CollectForAllocation (G1 Evacuation Pause) done
Event: 11.067 Executing VM operation: HandshakeAllThreads (Deoptimize)
Event: 11.067 Executing VM operation: HandshakeAllThreads (Deoptimize) done
Event: 11.107 Executing VM operation: HandshakeAllThreads (Deoptimize)
Event: 11.107 Executing VM operation: HandshakeAllThreads (Deoptimize) done
Event: 11.107 Executing VM operation: HandshakeAllThreads (Deoptimize)
Event: 11.107 Executing VM operation: HandshakeAllThreads (Deoptimize) done
Event: 11.229 Executing VM operation: G1CollectForAllocation (G1 Evacuation Pause)
Event: 11.234 Executing VM operation: G1CollectForAllocation (G1 Evacuation Pause) done

Memory protections (0 events):
No events

Nmethod flushes (20 events):
Event: 8.302 Thread 0x0000013f58bd4890 flushing  nmethod 0x0000013f44afe188
Event: 8.302 Thread 0x0000013f58bd4890 flushing  nmethod 0x0000013f44b09788
Event: 8.302 Thread 0x0000013f58bd4890 flushing  nmethod 0x0000013f44b42c08
Event: 8.302 Thread 0x0000013f58bd4890 flushing  nmethod 0x0000013f44b4ec08
Event: 8.302 Thread 0x0000013f58bd4890 flushing  nmethod 0x0000013f44b89188
Event: 8.302 Thread 0x0000013f58bd4890 flushing  nmethod 0x0000013f44b89508
Event: 8.302 Thread 0x0000013f58bd4890 flushing  nmethod 0x0000013f44b89888
Event: 8.302 Thread 0x0000013f58bd4890 flushing  nmethod 0x0000013f44b8ab88
Event: 8.302 Thread 0x0000013f58bd4890 flushing  nmethod 0x0000013f44b8b588
Event: 8.302 Thread 0x0000013f58bd4890 flushing  nmethod 0x0000013f44b8c908
Event: 8.302 Thread 0x0000013f58bd4890 flushing  nmethod 0x0000013f44b8da88
Event: 8.302 Thread 0x0000013f58bd4890 flushing  nmethod 0x0000013f44b8f008
Event: 8.302 Thread 0x0000013f58bd4890 flushing  nmethod 0x0000013f44bb2308
Event: 8.302 Thread 0x0000013f58bd4890 flushing  nmethod 0x0000013f44c30008
Event: 8.302 Thread 0x0000013f58bd4890 flushing  nmethod 0x0000013f44c4f788
Event: 8.302 Thread 0x0000013f58bd4890 flushing  nmethod 0x0000013f44c58b88
Event: 8.302 Thread 0x0000013f58bd4890 flushing  nmethod 0x0000013f44c82388
Event: 8.302 Thread 0x0000013f58bd4890 flushing  nmethod 0x0000013f44cc1388
Event: 8.302 Thread 0x0000013f58bd4890 flushing  nmethod 0x0000013f44cc7b08
Event: 8.302 Thread 0x0000013f58bd4890 flushing  nmethod 0x0000013f44cc9008

Events (20 events):
Event: 0.791 Thread 0x0000013f9e36f930 Thread exited: 0x0000013f9e36f930
Event: 1.546 Thread 0x0000013f3bf84db0 Thread added: 0x0000013f9eecfe80
Event: 2.283 Thread 0x0000013f3bf84db0 Thread added: 0x0000013f9f71e110
Event: 2.339 Thread 0x0000013f9f71e110 Thread exited: 0x0000013f9f71e110
Event: 2.403 Thread 0x0000013f58c31a80 Thread added: 0x0000013f9e36d720
Event: 3.302 Thread 0x0000013f9eecfe80 Thread exited: 0x0000013f9eecfe80
Event: 3.926 Thread 0x0000013f9e36d720 Thread exited: 0x0000013f9e36d720
Event: 4.689 Thread 0x0000013f58c31a80 Thread added: 0x0000013f9e36f930
Event: 5.604 Thread 0x0000013f3bf84db0 Thread added: 0x0000013f9ee2ad70
Event: 5.607 Thread 0x0000013f3bf84db0 Thread added: 0x0000013f9ee2b400
Event: 5.615 Thread 0x0000013f3bf84db0 Thread added: 0x0000013f9ee2ba90
Event: 7.280 Thread 0x0000013f3bf84db0 Thread added: 0x0000013f9ee2c120
Event: 7.299 Thread 0x0000013f3bf84db0 Thread added: 0x0000013f9ee2c7b0
Event: 7.426 Thread 0x0000013f9ee2c7b0 Thread added: 0x0000013fa1cd8910
Event: 8.452 Thread 0x0000013f9e36f930 Thread exited: 0x0000013f9e36f930
Event: 8.452 Thread 0x0000013f9e36c980 Thread exited: 0x0000013f9e36c980
Event: 9.213 Thread 0x0000013f58c31a80 Thread added: 0x0000013fa2d11ad0
Event: 9.614 Thread 0x0000013fa2d11ad0 Thread exited: 0x0000013fa2d11ad0
Event: 10.347 Thread 0x0000013f58bfaf90 Thread added: 0x0000013fa2d12870
Event: 10.847 Thread 0x0000013f58c31a80 Thread added: 0x0000013fa2d15150


Dynamic libraries:
0x00007ff7a1e30000 - 0x00007ff7a1e40000 	C:\Program Files\Java\jdk-23\bin\java.exe
0x00007ffb3cb80000 - 0x00007ffb3cd6e000 	C:\Windows\SYSTEM32\ntdll.dll
0x00007ffb3a580000 - 0x00007ffb3a633000 	C:\Windows\System32\KERNEL32.DLL
0x00007ffb398f0000 - 0x00007ffb39b8e000 	C:\Windows\System32\KERNELBASE.dll
0x00007ffb39c20000 - 0x00007ffb39d1a000 	C:\Windows\System32\ucrtbase.dll
0x00007ffb34050000 - 0x00007ffb34067000 	C:\Program Files\Java\jdk-23\bin\jli.dll
0x00007ffb39db0000 - 0x00007ffb39f47000 	C:\Windows\System32\USER32.dll
0x00007ffb39d20000 - 0x00007ffb39d40000 	C:\Windows\System32\win32u.dll
0x00007ffb3aaf0000 - 0x00007ffb3ab19000 	C:\Windows\System32\GDI32.dll
0x00007ffb39550000 - 0x00007ffb396f7000 	C:\Windows\System32\gdi32full.dll
0x00007ffb39700000 - 0x00007ffb397a0000 	C:\Windows\System32\msvcp_win.dll
0x00007ffb33fe0000 - 0x00007ffb33ffb000 	C:\Program Files\Java\jdk-23\bin\VCRUNTIME140.dll
0x00007ffb20350000 - 0x00007ffb205c9000 	C:\Windows\WinSxS\amd64_microsoft.windows.common-controls_6595b64144ccf1df_6.0.17763.6775_none_de747b1a534862f3\COMCTL32.dll
0x00007ffb3a3c0000 - 0x00007ffb3a45e000 	C:\Windows\System32\msvcrt.dll
0x00007ffb3afb0000 - 0x00007ffb3b2db000 	C:\Windows\System32\combase.dll
0x00007ffb3a460000 - 0x00007ffb3a578000 	C:\Windows\System32\RPCRT4.dll
0x00007ffb39b90000 - 0x00007ffb39c12000 	C:\Windows\System32\bcryptPrimitives.dll
0x00007ffb3a280000 - 0x00007ffb3a2ae000 	C:\Windows\System32\IMM32.DLL
0x00007ffb340c0000 - 0x00007ffb340cc000 	C:\Program Files\Java\jdk-23\bin\vcruntime140_1.dll
0x00007ffb33670000 - 0x00007ffb336fe000 	C:\Program Files\Java\jdk-23\bin\msvcp140.dll
0x00007ffae4a00000 - 0x00007ffae574f000 	C:\Program Files\Java\jdk-23\bin\server\jvm.dll
0x00007ffb3a1d0000 - 0x00007ffb3a278000 	C:\Windows\System32\ADVAPI32.dll
0x00007ffb3c990000 - 0x00007ffb3ca32000 	C:\Windows\System32\sechost.dll
0x00007ffb397a0000 - 0x00007ffb397c6000 	C:\Windows\System32\bcrypt.dll
0x00007ffb38b50000 - 0x00007ffb38bad000 	C:\Windows\System32\POWRPROF.dll
0x00007ffb3a9f0000 - 0x00007ffb3aa5d000 	C:\Windows\System32\WS2_32.dll
0x00007ffb34d00000 - 0x00007ffb34d24000 	C:\Windows\SYSTEM32\WINMM.dll
0x00007ffb1f050000 - 0x00007ffb1f05a000 	C:\Windows\SYSTEM32\VERSION.dll
0x00007ffb34be0000 - 0x00007ffb34c0d000 	C:\Windows\SYSTEM32\WINMMBASE.dll
0x00007ffb397f0000 - 0x00007ffb3983a000 	C:\Windows\System32\cfgmgr32.dll
0x00007ffb38b10000 - 0x00007ffb38b21000 	C:\Windows\System32\kernel.appcore.dll
0x00007ffb34030000 - 0x00007ffb3403a000 	C:\Program Files\Java\jdk-23\bin\jimage.dll
0x00007ffb37290000 - 0x00007ffb3747d000 	C:\Windows\SYSTEM32\DBGHELP.DLL
0x00007ffb18a10000 - 0x00007ffb18a3a000 	C:\Windows\SYSTEM32\dbgcore.DLL
0x00007ffb33660000 - 0x00007ffb3366f000 	C:\Program Files\Java\jdk-23\bin\instrument.dll
0x00007ffb33fc0000 - 0x00007ffb33fde000 	C:\Program Files\Java\jdk-23\bin\java.dll
0x00007ffb3a890000 - 0x00007ffb3a9e8000 	C:\Windows\System32\ole32.dll
0x00007ffb3b2e0000 - 0x00007ffb3c7d8000 	C:\Windows\System32\SHELL32.dll
0x00007ffb3a310000 - 0x00007ffb3a3b7000 	C:\Windows\System32\shcore.dll
0x00007ffb38be0000 - 0x00007ffb39328000 	C:\Windows\System32\windows.storage.dll
0x00007ffb38bb0000 - 0x00007ffb38bd3000 	C:\Windows\System32\profapi.dll
0x00007ffb3ca40000 - 0x00007ffb3ca92000 	C:\Windows\System32\shlwapi.dll
0x00007ffb397d0000 - 0x00007ffb397eb000 	C:\Windows\System32\cryptsp.dll
0x00007ffb253d0000 - 0x00007ffb254a7000 	C:\Program Files\Java\jdk-23\bin\jsvml.dll
0x00007ffb32b40000 - 0x00007ffb32b57000 	C:\Program Files\Java\jdk-23\bin\zip.dll
0x00007ffb32e10000 - 0x00007ffb32e20000 	C:\Program Files\Java\jdk-23\bin\net.dll
0x00007ffb38360000 - 0x00007ffb383c7000 	C:\Windows\system32\mswsock.dll
0x00007ffb32df0000 - 0x00007ffb32e06000 	C:\Program Files\Java\jdk-23\bin\nio.dll
0x00007ffb25370000 - 0x00007ffb2538a000 	C:\Users\user11\IntelliJ IDEA Community Edition 2024.2.1\bin\breakgen64.dll
0x00007ffb32b30000 - 0x00007ffb32b39000 	C:\Program Files\Java\jdk-23\bin\extnet.dll
0x00007ffb25350000 - 0x00007ffb2535e000 	C:\Program Files\Java\jdk-23\bin\sunmscapi.dll
0x00007ffb39330000 - 0x00007ffb39541000 	C:\Windows\System32\CRYPT32.dll
0x00007ffb38b30000 - 0x00007ffb38b42000 	C:\Windows\System32\MSASN1.dll
0x00007ffb38630000 - 0x00007ffb3865c000 	C:\Windows\SYSTEM32\ncrypt.dll
0x00007ffb385f0000 - 0x00007ffb3862c000 	C:\Windows\SYSTEM32\NTASN1.dll
0x00007ffb37e20000 - 0x00007ffb37e53000 	C:\Windows\system32\rsaenh.dll
0x00007ffb38a10000 - 0x00007ffb38a39000 	C:\Windows\SYSTEM32\USERENV.dll
0x00007ffb38530000 - 0x00007ffb3853c000 	C:\Windows\SYSTEM32\CRYPTBASE.dll
0x00007ffb38050000 - 0x00007ffb3808d000 	C:\Windows\SYSTEM32\IPHLPAPI.DLL
0x00007ffb3ab20000 - 0x00007ffb3ab28000 	C:\Windows\System32\NSI.dll
0x00007ffb32ae0000 - 0x00007ffb32aea000 	C:\Program Files\Java\jdk-23\bin\management.dll
0x00007ffb25360000 - 0x00007ffb2536b000 	C:\Program Files\Java\jdk-23\bin\management_ext.dll
0x00007ffb39da0000 - 0x00007ffb39da8000 	C:\Windows\System32\PSAPI.DLL
0x00007ffb25340000 - 0x00007ffb25350000 	C:\Program Files\Java\jdk-23\bin\verify.dll
0x00007ffb380a0000 - 0x00007ffb38166000 	C:\Windows\SYSTEM32\DNSAPI.dll
0x00007ffb25530000 - 0x00007ffb2553a000 	C:\Windows\System32\rasadhlp.dll
0x00007ffb254b0000 - 0x00007ffb25529000 	C:\Windows\System32\fwpuclnt.dll

dbghelp: loaded successfully - version: 4.0.5 - missing functions: none
symbol engine: initialized successfully - sym options: 0x614 - pdb path: .;C:\Program Files\Java\jdk-23\bin;C:\Windows\SYSTEM32;C:\Windows\WinSxS\amd64_microsoft.windows.common-controls_6595b64144ccf1df_6.0.17763.6775_none_de747b1a534862f3;C:\Program Files\Java\jdk-23\bin\server;C:\Users\user11\IntelliJ IDEA Community Edition 2024.2.1\bin

VM Arguments:
jvm_args: -javaagent:C:\Users\user11\IntelliJ IDEA Community Edition 2024.2.1\lib\idea_rt.jar=54584:C:\Users\user11\IntelliJ IDEA Community Edition 2024.2.1\bin -Dfile.encoding=UTF-8 -Dsun.stdout.encoding=UTF-8 -Dsun.stderr.encoding=UTF-8 
java_command: ru.kulakov.IKMWebApplication.IkmWebApplication
java_class_path (initial): C:\Users\user11\Desktop\IKMWebApplication\IKMWebApplication\target\classes;C:\Users\user11\.m2\repository\org\springframework\boot\spring-boot-starter-data-jpa\3.4.1\spring-boot-starter-data-jpa-3.4.1.jar;C:\Users\user11\.m2\repository\org\springframework\boot\spring-boot-starter\3.4.1\spring-boot-starter-3.4.1.jar;C:\Users\user11\.m2\repository\org\springframework\boot\spring-boot\3.4.1\spring-boot-3.4.1.jar;C:\Users\user11\.m2\repository\org\springframework\boot\spring-boot-autoconfigure\3.4.1\spring-boot-autoconfigure-3.4.1.jar;C:\Users\user11\.m2\repository\org\springframework\boot\spring-boot-starter-logging\3.4.1\spring-boot-starter-logging-3.4.1.jar;C:\Users\user11\.m2\repository\ch\qos\logback\logback-classic\1.5.12\logback-classic-1.5.12.jar;C:\Users\user11\.m2\repository\ch\qos\logback\logback-core\1.5.12\logback-core-1.5.12.jar;C:\Users\user11\.m2\repository\org\apache\logging\log4j\log4j-to-slf4j\2.24.3\log4j-to-slf4j-2.24.3.jar;C:\Users\user11\.m2\repository\org\apache\logging\log4j\log4j-api\2.24.3\log4j-api-2.24.3.jar;C:\Users\user11\.m2\repository\org\slf4j\jul-to-slf4j\2.0.16\jul-to-slf4j-2.0.16.jar;C:\Users\user11\.m2\repository\jakarta\annotation\jakarta.annotation-api\2.1.1\jakarta.annotation-api-2.1.1.jar;C:\Users\user11\.m2\repository\org\yaml\snakeyaml\2.3\snakeyaml-2.3.jar;C:\Users\user11\.m2\repository\org\springframework\boot\spring-boot-starter-jdbc\3.4.1\spring-boot-starter-jdbc-3.4.1.jar;C:\Users\user11\.m2\repository\com\zaxxer\HikariCP\5.1.0\HikariCP-5.1.0.jar;C:\Users\user11\.m2\repository\org\springframework\spring-jdbc\6.2.1\spring-jdbc-6.2.1.jar;C:\Users\user11\.m2\repository\org\hibernate\orm\hibernate-core\6.6.4.Final\hibernate-core-6.6.4.Final.jar;C:\Users\user11\.m2\repository\jakarta\persistence\jakarta.persistence-api\3.1.0\jakarta.persistence-api-3.1.0.jar;C:\Users\user11\.m2\repository\jakarta\transaction\jakarta.transaction-api\2.0.1\jakarta.transaction-api-2.0.1.jar;C:\Users\user11\.m2\repository\org\jboss\logging\jboss-logging\3.6.1.Final\jboss-logging-3.6.1.Final.jar;C:\Users\user11\.m2\repository\org\hibernate\common\hibernate-commons-annotations\7.0.3.Final\hibernate-commons-annotations-7.0.3.Final.jar;C:\Users\user11\.m2\repository\io\smallrye\jandex\3.2.0\jandex-3.2.0.jar;C:\Users\user11\.m2\repository\com\fasterxml\classmate\1.7.0\classmate-1.7.0.jar;C:\Users\user11\.m2\repository\net\bytebuddy\byte-buddy\1.15.11\byte-buddy-1.15.11.jar;C:\Users\user11\.m2\repository\org\glassfish\jaxb\jaxb-runtime\4.0.5\jaxb-runtime-4.0.5.jar;C:\Users\user11\.m2\repository\org\glassfish\jaxb\jaxb-core\4.0.5\jaxb-core-4.0.5.jar;C:\Users\user11\.m2\repository\org\eclipse\angus\angus-activation\2.0.2\angus-activation-2.0.2.jar;C:\Users\user11\.m2\repository\org\glassfish\jaxb\txw2\4.0.5\txw2-4.0.5.jar;C:\Users\user11\.m2\repository\com\sun\istack\istack-commons-runtime\4.1.2\istack-commons-runtime-4.1.2.jar;C:\Users\user11\.m2\repository\jakarta\inject\jakarta.inject-api\2.0.1\jakarta.inject-api-2.0.1.jar;C:\Users\user11\.m2\repository\org\antlr\antlr4-runtime\4.13.0\antlr4-runtime-4.13.0.jar;C:\Users\user11\.m2\repository\org\springframework\data\spring-data-jpa\3.4.1\spring-data-jpa-3.4.1.jar;C:\Users\user11\.m2\repository\org\springframework\data\spring-data-commons\3.4.1\spring-data-commons-3.4.1.jar;C:\Users\user11\.m2\repository\org\springframework\spring-orm\6.2.1\spring-orm-6.2.1.jar;C:\Users\user11\.m2\repository\org\springframework\spring-context\6.2.1\spring-context-6.2.1.jar;C:\Users\user11\.m2\repository\org\springframework\spring-aop\6.2.1\spring-aop-6.2.1.jar;C:\Users\user11\.m2\repository\org\springframework\spring-tx\6.2.1\spring-tx-6.2.1.jar;C:\Users\user11\.m2\repository\org\springframework\spring-beans\6.2.1\spring-beans-6.2.1.jar;C:\Users\user11\.m2\repository\org\slf4j\slf4j-api\2.0.16\slf4j-api-2.0.16.jar;C:\Users\user11\.m2\repository\org\springframework\spring-aspects\6.2.1\spring-aspects-6.2.1.jar;C:\Users\user11\.m2\repository\org\aspectj\aspectjweaver\1.9.22.1\aspectjweaver-1.9.22.1.jar;C:\Users\user11\.m2\repository\org\springframework\boot\spring-boot-starter-thymeleaf\3.4.1\spring-boot-starter-thymeleaf-3.4.1.jar;C:\Users\user11\.m2\repository\org\thymeleaf\thymeleaf-spring6\3.1.3.RELEASE\thymeleaf-spring6-3.1.3.RELEASE.jar;C:\Users\user11\.m2\repository\org\thymeleaf\thymeleaf\3.1.3.RELEASE\thymeleaf-3.1.3.RELEASE.jar;C:\Users\user11\.m2\repository\org\attoparser\attoparser\2.0.7.RELEASE\attoparser-2.0.7.RELEASE.jar;C:\Users\user11\.m2\repository\org\unbescape\unbescape\1.1.6.RELEASE\unbescape-1.1.6.RELEASE.jar;C:\Users\user11\.m2\repository\org\springframework\boot\spring-boot-starter-validation\3.4.1\spring-boot-starter-validation-3.4.1.jar;C:\Users\user11\.m2\repository\org\apache\tomcat\embed\tomcat-embed-el\10.1.34\tomcat-embed-el-10.1.34.jar;C:\Users\user11\.m2\repository\org\hibernate\validator\hibernate-validator\8.0.2.Final\hibernate-validator-8.0.2.Final.jar;C:\Users\user11\.m2\repository\jakarta\validation\jakarta.validation-api\3.0.2\jakarta.validation-api-3.0.2.jar;C:\Users\user11\.m2\repository\org\springframework\boot\spring-boot-starter-web\3.4.1\spring-boot-starter-web-3.4.1.jar;C:\Users\user11\.m2\repository\org\springframework\boot\spring-boot-starter-json\3.4.1\spring-boot-starter-json-3.4.1.jar;C:\Users\user11\.m2\repository\com\fasterxml\jackson\core\jackson-databind\2.18.2\jackson-databind-2.18.2.jar;C:\Users\user11\.m2\repository\com\fasterxml\jackson\core\jackson-annotations\2.18.2\jackson-annotations-2.18.2.jar;C:\Users\user11\.m2\repository\com\fasterxml\jackson\core\jackson-core\2.18.2\jackson-core-2.18.2.jar;C:\Users\user11\.m2\repository\com\fasterxml\jackson\datatype\jackson-datatype-jdk8\2.18.2\jackson-datatype-jdk8-2.18.2.jar;C:\Users\user11\.m2\repository\com\fasterxml\jackson\datatype\jackson-datatype-jsr310\2.18.2\jackson-datatype-jsr310-2.18.2.jar;C:\Users\user11\.m2\repository\com\fasterxml\jackson\module\jackson-module-parameter-names\2.18.2\jackson-module-parameter-names-2.18.2.jar;C:\Users\user11\.m2\repository\org\springframework\boot\spring-boot-starter-tomcat\3.4.1\spring-boot-starter-tomcat-3.4.1.jar;C:\Users\user11\.m2\repository\org\apache\tomcat\embed\tomcat-embed-core\10.1.34\tomcat-embed-core-10.1.34.jar;C:\Users\user11\.m2\repository\org\apache\tomcat\embed\tomcat-embed-websocket\10.1.34\tomcat-embed-websocket-10.1.34.jar;C:\Users\user11\.m2\repository\org\springframework\spring-web\6.2.1\spring-web-6.2.1.jar;C:\Users\user11\.m2\repository\io\micrometer\micrometer-observation\1.14.2\micrometer-observation-1.14.2.jar;C:\Users\user11\.m2\repository\io\micrometer\micrometer-commons\1.14.2\micrometer-commons-1.14.2.jar;C:\Users\user11\.m2\repository\org\springframework\spring-webmvc\6.2.1\spring-webmvc-6.2.1.jar;C:\Users\user11\.m2\repository\org\springframework\spring-expression\6.2.1\spring-expression-6.2.1.jar;C:\Users\user11\.m2\repository\org\postgresql\postgresql\42.7.4\postgresql-42.7.4.jar;C:\Users\user11\.m2\repository\org\checkerframework\checker-qual\3.42.0\checker-qual-3.42.0.jar;C:\Users\user11\.m2\repository\org\projectlombok\lombok\1.18.36\lombok-1.18.36.jar;C:\Users\user11\.m2\repository\jakarta\xml\bind\jakarta.xml.bind-api\4.0.2\jakarta.xml.bind-api-4.0.2.jar;C:\Users\user11\.m2\repository\jakarta\activation\jakarta.activation-api\2.1.3\jakarta.activation-api-2.1.3.jar;C:\Users\user11\.m2\repository\org\springframework\spring-core\6.2.1\spring-core-6.2.1.jar;C:\Users\user11\.m2\repository\org\springframework\spring-jcl\6.2.1\spring-jcl-6.2.1.jar
Launcher Type: SUN_STANDARD

[Global flags]
     intx CICompilerCount                          = 4                                         {product} {ergonomic}
     uint ConcGCThreads                            = 2                                         {product} {ergonomic}
     uint G1ConcRefinementThreads                  = 8                                         {product} {ergonomic}
   size_t G1HeapRegionSize                         = 1048576                                   {product} {ergonomic}
   size_t InitialHeapSize                          = 130023424                                 {product} {ergonomic}
   size_t MarkStackSize                            = 4194304                                   {product} {ergonomic}
   size_t MarkStackSizeMax                         = 536870912                                 {product} {ergonomic}
   size_t MaxHeapSize                              = 2080374784                                {product} {ergonomic}
   size_t MaxNewSize                               = 1247805440                                {product} {ergonomic}
   size_t MinHeapDeltaBytes                        = 1048576                                   {product} {ergonomic}
   size_t MinHeapSize                              = 8388608                                   {product} {ergonomic}
    uintx NonNMethodCodeHeapSize                   = 5832704                                {pd product} {ergonomic}
    uintx NonProfiledCodeHeapSize                  = 122945536                              {pd product} {ergonomic}
    uintx ProfiledCodeHeapSize                     = 122880000                              {pd product} {ergonomic}
    uintx ReservedCodeCacheSize                    = 251658240                              {pd product} {ergonomic}
     bool SegmentedCodeCache                       = true                                      {product} {ergonomic}
   size_t SoftMaxHeapSize                          = 2080374784                             {manageable} {ergonomic}
     bool UseCompressedOops                        = true                           {product lp64_product} {ergonomic}
     bool UseG1GC                                  = true                                      {product} {ergonomic}
     bool UseLargePagesIndividualAllocation        = false                                  {pd product} {ergonomic}

Logging:
Log output configuration:
 #0: stdout all=warning uptime,level,tags foldmultilines=false
 #1: stderr all=off uptime,level,tags foldmultilines=false

Environment Variables:
PATH=C:\Program Files\Common Files\Oracle\Java\javapath;C:\Program Files\Microsoft\jdk-11.0.16.101-hotspot\bin;C:\Program Files (x86)\Common Files\Oracle\Java\javapath;C:\Windows\system32;C:\Windows;C:\Windows\System32\Wbem;C:\Windows\System32\WindowsPowerShell\v1.0\;C:\Windows\System32\OpenSSH\;C:\Program Files (x86)\Windows Kits\10\Windows Performance Toolkit\;C:\Users\user11\;C:\Users\user11\AppData\Local\Programs\Python\Python312\Scripts\;C:\Users\user11\AppData\Local\Programs\Python\Python312\;C:\Users\user11\AppData\Local\Microsoft\WindowsApps;C:\Users\user11\AppData\Local\Programs\Microsoft VS Code\bin;C:\Users\user11\AppData\Roaming\Python\Python312\site-packages;C:\Users\user11\AppData\Roaming\npm;C:\Users\user11\PyCharm Community Edition 2024.2.1\bin;C:\Users\user11\IntelliJ IDEA Community Edition 2024.2.1\bin
USERNAME=user11
OS=Windows_NT
PROCESSOR_IDENTIFIER=Intel64 Family 6 Model 154 Stepping 4, GenuineIntel
TMP=C:\Users\user11\AppData\Local\Temp
TEMP=C:\Users\user11\AppData\Local\Temp




Periodic native trim disabled

---------------  S Y S T E M  ---------------

OS:
 Windows 10 , 64 bit Build 17763 (10.0.17763.6292)
OS uptime: 0 days 4:23 hours

CPU: total 8 (initial active 8) (8 cores per cpu, 1 threads per core) family 6 model 154 stepping 4 microcode 0x424, cx8, cmov, fxsr, mmx, 3dnowpref, sse, sse2, sse3, ssse3, sse4.1, sse4.2, popcnt, lzcnt, tsc, tscinvbit, avx, avx2, aes, erms, clmul, bmi1, bmi2, adx, sha, fma, vzeroupper, clflush, clflushopt, clwb, serialize, rdtscp, rdpid, fsrm, gfni, f16c, pku, cet_ibt, cet_ss
Processor Information for the first 8 processors :
  Max Mhz: 2496, Current Mhz: 2496, Mhz Limit: 2496

Memory: 4k page, system-wide physical 7929M (575M free)
TotalPageFile size 9977M (AvailPageFile size 3M)
current process WorkingSet (physical memory assigned to process): 266M, peak: 269M
current process commit charge ("private bytes"): 305M, peak: 309M

vm_info: Java HotSpot(TM) 64-Bit Server VM (23+37-2369) for windows-amd64 JRE (23+37-2369), built on 2024-08-20T16:01:23Z with MS VC++ 17.6 (VS2022)

END.
