#
# There is insufficient memory for the Java Runtime Environment to continue.
# Native memory allocation (malloc) failed to allocate 32744 bytes. Error detail: Chunk::new
# Possible reasons:
#   The system is out of physical RAM or swap space
#   This process is running with CompressedOops enabled, and the Java Heap may be blocking the growth of the native heap
# Possible solutions:
#   Reduce memory load on the system
#   Increase physical memory or swap space
#   Check if swap backing store is full
#   Decrease Java heap size (-Xmx/-Xms)
#   Decrease number of Java threads
#   Decrease Java thread stack sizes (-Xss)
#   Set larger code cache with -XX:ReservedCodeCacheSize=
#   JVM is running with Unscaled Compressed Oops mode in which the Java heap is
#     placed in the first 4GB address space. The Java Heap base address is the
#     maximum limit for the native heap growth. Please use -XX:HeapBaseMinAddress
#     to set the Java Heap base and to place the Java Heap above 4GB virtual address.
# This output file may be truncated or incomplete.
#
#  Out of Memory Error (arena.cpp:149), pid=4052, tid=6592
#
# JRE version: Java(TM) SE Runtime Environment (23.0+37) (build 23+37-2369)
# Java VM: Java HotSpot(TM) 64-Bit Server VM (23+37-2369, mixed mode, sharing, tiered, compressed oops, compressed class ptrs, g1 gc, windows-amd64)
# No core dump will be written. Minidumps are not enabled by default on client versions of Windows
#

---------------  S U M M A R Y ------------

Command Line: -javaagent:C:\Users\user11\IntelliJ IDEA Community Edition 2024.2.1\lib\idea_rt.jar=53708:C:\Users\user11\IntelliJ IDEA Community Edition 2024.2.1\bin -Dfile.encoding=UTF-8 -Dsun.stdout.encoding=UTF-8 -Dsun.stderr.encoding=UTF-8 ru.kulakov.IKMWebApplication.IkmWebApplication

Host: 12th Gen Intel(R) Core(TM) i3-1215U, 8 cores, 7G,  Windows 10 , 64 bit Build 17763 (10.0.17763.6292)
Time: Sat Jan 18 17:09:05 2025 RTZ 4 (зима) elapsed time: 13.357492 seconds (0d 0h 0m 13s)

---------------  T H R E A D  ---------------

Current thread (0x000002375bb161e0):  JavaThread "C2 CompilerThread2" daemon [_thread_in_native, id=6592, stack(0x00000039abc00000,0x00000039abd00000) (1024K)]


Current CompileTask:
C2:13357 5803   !   4       org.springframework.util.ReflectionUtils::doWithMethods (186 bytes)

Stack: [0x00000039abc00000,0x00000039abd00000]
Native frames: (J=compiled Java code, j=interpreted, Vv=VM code, C=native code)
V  [jvm.dll+0x6e08a9]  (no source info available)
V  [jvm.dll+0x87da63]  (no source info available)
V  [jvm.dll+0x87feee]  (no source info available)
V  [jvm.dll+0x8805c3]  (no source info available)
V  [jvm.dll+0x27aee6]  (no source info available)
V  [jvm.dll+0xbc06f]  (no source info available)
V  [jvm.dll+0xbc2cb]  (no source info available)
V  [jvm.dll+0x3a2788]  (no source info available)
V  [jvm.dll+0x397b29]  (no source info available)
V  [jvm.dll+0x39f248]  (no source info available)
V  [jvm.dll+0x5dd4ef]  (no source info available)
V  [jvm.dll+0x5dde16]  (no source info available)
V  [jvm.dll+0x5c8034]  (no source info available)
V  [jvm.dll+0x2edb5f]  (no source info available)
V  [jvm.dll+0x6f99a7]  (no source info available)
V  [jvm.dll+0x6f1cff]  (no source info available)
V  [jvm.dll+0x6f1127]  (no source info available)
V  [jvm.dll+0x6ef2f5]  (no source info available)
V  [jvm.dll+0x1c644c]  (no source info available)
V  [jvm.dll+0x1c6fcb]  (no source info available)
V  [jvm.dll+0x2edb5f]  (no source info available)
V  [jvm.dll+0x6f99a7]  (no source info available)
V  [jvm.dll+0x6f1cff]  (no source info available)
V  [jvm.dll+0x6f1127]  (no source info available)
V  [jvm.dll+0x6ef2f5]  (no source info available)
V  [jvm.dll+0x1c644c]  (no source info available)
V  [jvm.dll+0x1c6fcb]  (no source info available)
V  [jvm.dll+0x2edb5f]  (no source info available)
V  [jvm.dll+0x6f99a7]  (no source info available)
V  [jvm.dll+0x6f1cff]  (no source info available)
V  [jvm.dll+0x6f1127]  (no source info available)
V  [jvm.dll+0x6ef2f5]  (no source info available)
V  [jvm.dll+0x1c644c]  (no source info available)
V  [jvm.dll+0x1c6fcb]  (no source info available)
V  [jvm.dll+0x1c6fcb]  (no source info available)
V  [jvm.dll+0x2edb5f]  (no source info available)
V  [jvm.dll+0x6f99a7]  (no source info available)
V  [jvm.dll+0x6f1cff]  (no source info available)
V  [jvm.dll+0x6f1127]  (no source info available)
V  [jvm.dll+0x6ef2f5]  (no source info available)
V  [jvm.dll+0x1c644c]  (no source info available)
V  [jvm.dll+0x2edb5f]  (no source info available)
V  [jvm.dll+0x6f99a7]  (no source info available)
V  [jvm.dll+0x6f1cff]  (no source info available)
V  [jvm.dll+0x6f1127]  (no source info available)
V  [jvm.dll+0x6ef2f5]  (no source info available)
V  [jvm.dll+0x1c644c]  (no source info available)
V  [jvm.dll+0x2edb5f]  (no source info available)
V  [jvm.dll+0x6f99a7]  (no source info available)
V  [jvm.dll+0x6f1cff]  (no source info available)
V  [jvm.dll+0x6f1127]  (no source info available)
V  [jvm.dll+0x6ef2f5]  (no source info available)
V  [jvm.dll+0x1c644c]  (no source info available)
V  [jvm.dll+0x2edb5f]  (no source info available)
V  [jvm.dll+0x6f99a7]  (no source info available)
V  [jvm.dll+0x6f1cff]  (no source info available)
V  [jvm.dll+0x6f1127]  (no source info available)
V  [jvm.dll+0x6ef2f5]  (no source info available)
V  [jvm.dll+0x1c644c]  (no source info available)
V  [jvm.dll+0x2edb5f]  (no source info available)
V  [jvm.dll+0x6f99a7]  (no source info available)
V  [jvm.dll+0x6f1cff]  (no source info available)
V  [jvm.dll+0x6f1127]  (no source info available)
V  [jvm.dll+0x6ef2f5]  (no source info available)
V  [jvm.dll+0x1c644c]  (no source info available)
V  [jvm.dll+0x2edb5f]  (no source info available)
V  [jvm.dll+0x6f99a7]  (no source info available)
V  [jvm.dll+0x6f1cff]  (no source info available)
V  [jvm.dll+0x6f1127]  (no source info available)
V  [jvm.dll+0x6ef2f5]  (no source info available)
V  [jvm.dll+0x1c644c]  (no source info available)
V  [jvm.dll+0x1c6fcb]  (no source info available)
V  [jvm.dll+0x2edb5f]  (no source info available)
V  [jvm.dll+0x6f99a7]  (no source info available)
V  [jvm.dll+0x6f1cff]  (no source info available)
V  [jvm.dll+0x6f1127]  (no source info available)
V  [jvm.dll+0x6ef2f5]  (no source info available)
V  [jvm.dll+0x1c644c]  (no source info available)
V  [jvm.dll+0x1c6fcb]  (no source info available)
V  [jvm.dll+0x2edb5f]  (no source info available)
V  [jvm.dll+0x6f99a7]  (no source info available)
V  [jvm.dll+0x6f1cff]  (no source info available)
V  [jvm.dll+0x6f1127]  (no source info available)
V  [jvm.dll+0x6ef2f5]  (no source info available)
V  [jvm.dll+0x1c644c]  (no source info available)
V  [jvm.dll+0x2edb5f]  (no source info available)
V  [jvm.dll+0x6f99a7]  (no source info available)
V  [jvm.dll+0x6f1cff]  (no source info available)
V  [jvm.dll+0x6f1127]  (no source info available)
V  [jvm.dll+0x6ef2f5]  (no source info available)
V  [jvm.dll+0x1c644c]  (no source info available)
V  [jvm.dll+0x2edb5f]  (no source info available)
V  [jvm.dll+0x6f99a7]  (no source info available)
V  [jvm.dll+0x6f1cff]  (no source info available)
V  [jvm.dll+0x6f1127]  (no source info available)
V  [jvm.dll+0x6ef2f5]  (no source info available)
V  [jvm.dll+0x1c644c]  (no source info available)
V  [jvm.dll+0x2439bc]  (no source info available)
V  [jvm.dll+0x1c33a0]  (no source info available)
...<more frames>...

Lock stack of current Java thread (top to bottom):


---------------  P R O C E S S  ---------------

Threads class SMR info:
_java_thread_list=0x000002375aa44660, length=20, elements={
0x0000023775694db0, 0x000002377f3fbd50, 0x000002377f3fca70, 0x000002377f3ff800,
0x000002377f401270, 0x000002377f402c10, 0x000002377f406b70, 0x000002377f40a0b0,
0x000002377f410ab0, 0x00000237580b9030, 0x000002375868b340, 0x00000237583dd920,
0x000002375a290e90, 0x000002375a28f450, 0x000002375a291520, 0x000002375a291bb0,
0x000002375a28edc0, 0x000002375ddee9d0, 0x000002375bb11020, 0x000002375bb161e0
}

Java Threads: ( => current thread )
  0x0000023775694db0 JavaThread "main"                              [_thread_in_vm, id=11576, stack(0x00000039a9900000,0x00000039a9a00000) (1024K)]
  0x000002377f3fbd50 JavaThread "Reference Handler"          daemon [_thread_blocked, id=4452, stack(0x00000039aa100000,0x00000039aa200000) (1024K)]
  0x000002377f3fca70 JavaThread "Finalizer"                  daemon [_thread_blocked, id=7676, stack(0x00000039aa200000,0x00000039aa300000) (1024K)]
  0x000002377f3ff800 JavaThread "Signal Dispatcher"          daemon [_thread_blocked, id=12176, stack(0x00000039aa300000,0x00000039aa400000) (1024K)]
  0x000002377f401270 JavaThread "Attach Listener"            daemon [_thread_blocked, id=10300, stack(0x00000039aa400000,0x00000039aa500000) (1024K)]
  0x000002377f402c10 JavaThread "Service Thread"             daemon [_thread_blocked, id=11632, stack(0x00000039aa500000,0x00000039aa600000) (1024K)]
  0x000002377f406b70 JavaThread "Monitor Deflation Thread"   daemon [_thread_blocked, id=10716, stack(0x00000039aa600000,0x00000039aa700000) (1024K)]
  0x000002377f40a0b0 JavaThread "C2 CompilerThread0"         daemon [_thread_in_native, id=8944, stack(0x00000039aa700000,0x00000039aa800000) (1024K)]
  0x000002377f410ab0 JavaThread "C1 CompilerThread0"         daemon [_thread_blocked, id=11956, stack(0x00000039aa800000,0x00000039aa900000) (1024K)]
  0x00000237580b9030 JavaThread "Common-Cleaner"             daemon [_thread_blocked, id=2852, stack(0x00000039aa900000,0x00000039aaa00000) (1024K)]
  0x000002375868b340 JavaThread "Monitor Ctrl-Break"         daemon [_thread_in_native, id=5536, stack(0x00000039aab00000,0x00000039aac00000) (1024K)]
  0x00000237583dd920 JavaThread "Notification Thread"        daemon [_thread_blocked, id=10288, stack(0x00000039aac00000,0x00000039aad00000) (1024K)]
  0x000002375a290e90 JavaThread "Catalina-utility-1"                [_thread_blocked, id=2308, stack(0x00000039ab300000,0x00000039ab400000) (1024K)]
  0x000002375a28f450 JavaThread "Catalina-utility-2"                [_thread_blocked, id=8960, stack(0x00000039ab700000,0x00000039ab800000) (1024K)]
  0x000002375a291520 JavaThread "container-0"                       [_thread_blocked, id=2904, stack(0x00000039ab800000,0x00000039ab900000) (1024K)]
  0x000002375a291bb0 JavaThread "PostgreSQL-JDBC-Cleaner"    daemon [_thread_blocked, id=10428, stack(0x00000039ab500000,0x00000039ab600000) (1024K)]
  0x000002375a28edc0 JavaThread "HikariPool-1 housekeeper"   daemon [_thread_blocked, id=2920, stack(0x00000039aba00000,0x00000039abb00000) (1024K)]
  0x000002375ddee9d0 JavaThread "HikariPool-1 connection adder" daemon [_thread_blocked, id=1672, stack(0x00000039abb00000,0x00000039abc00000) (1024K)]
  0x000002375bb11020 JavaThread "C2 CompilerThread1"         daemon [_thread_in_native, id=11332, stack(0x00000039aaa00000,0x00000039aab00000) (1024K)]
=>0x000002375bb161e0 JavaThread "C2 CompilerThread2"         daemon [_thread_in_native, id=6592, stack(0x00000039abc00000,0x00000039abd00000) (1024K)]
Total: 20

Other Threads:
  0x000002377f3e3ff0 VMThread "VM Thread"                           [id=11360, stack(0x00000039aa000000,0x00000039aa100000) (1024K)]
  0x000002377f3d13e0 WatcherThread "VM Periodic Task Thread"        [id=8924, stack(0x00000039a9f00000,0x00000039aa000000) (1024K)]
  0x00000237756ecad0 WorkerThread "GC Thread#0"                     [id=4300, stack(0x00000039a9a00000,0x00000039a9b00000) (1024K)]
  0x0000023758b9c000 WorkerThread "GC Thread#1"                     [id=3244, stack(0x00000039aad00000,0x00000039aae00000) (1024K)]
  0x0000023759032550 WorkerThread "GC Thread#2"                     [id=2800, stack(0x00000039aae00000,0x00000039aaf00000) (1024K)]
  0x0000023759032900 WorkerThread "GC Thread#3"                     [id=12180, stack(0x00000039aaf00000,0x00000039ab000000) (1024K)]
  0x0000023759032cb0 WorkerThread "GC Thread#4"                     [id=10068, stack(0x00000039ab000000,0x00000039ab100000) (1024K)]
  0x0000023759033060 WorkerThread "GC Thread#5"                     [id=11504, stack(0x00000039ab100000,0x00000039ab200000) (1024K)]
  0x0000023759033410 WorkerThread "GC Thread#6"                     [id=10380, stack(0x00000039ab200000,0x00000039ab300000) (1024K)]
  0x000002375902e8c0 WorkerThread "GC Thread#7"                     [id=5720, stack(0x00000039ab400000,0x00000039ab500000) (1024K)]
  0x00000237757010d0 ConcurrentGCThread "G1 Main Marker"            [id=11820, stack(0x00000039a9b00000,0x00000039a9c00000) (1024K)]
  0x0000023775701ca0 WorkerThread "G1 Conc#0"                       [id=11316, stack(0x00000039a9c00000,0x00000039a9d00000) (1024K)]
  0x00000237591c6500 WorkerThread "G1 Conc#1"                       [id=2616, stack(0x00000039ab600000,0x00000039ab700000) (1024K)]
  0x000002377f29f960 ConcurrentGCThread "G1 Refine#0"               [id=7984, stack(0x00000039a9d00000,0x00000039a9e00000) (1024K)]
  0x000002377f2a0190 ConcurrentGCThread "G1 Service"                [id=208, stack(0x00000039a9e00000,0x00000039a9f00000) (1024K)]
Total: 15

Threads with active compile tasks:
C2 CompilerThread0  13470 5751       4       org.springframework.core.ResolvableType::resolveType (146 bytes)
C1 CompilerThread0  13470 5824   !   3       java.lang.invoke.StringConcatFactory::makeConcatWithConstants (283 bytes)
C2 CompilerThread1  13470 5709   !   4       org.springframework.core.annotation.AnnotationsScanner::processMethodHierarchy (276 bytes)
C2 CompilerThread2  13470 5803   !   4       org.springframework.util.ReflectionUtils::doWithMethods (186 bytes)
Total: 4

VM state: not at safepoint (normal execution)

VM Mutex/Monitor currently owned by a thread: None

Heap address: 0x0000000084000000, size: 1984 MB, Compressed Oops mode: 32-bit

CDS archive(s) mapped at: [0x0000023713000000-0x0000023713d70000-0x0000023713d70000), size 14090240, SharedBaseAddress: 0x0000023713000000, ArchiveRelocationMode: 1.
Compressed class space mapped at: 0x0000023714000000-0x0000023754000000, reserved size: 1073741824
Narrow klass base: 0x0000023713000000, Narrow klass shift: 0, Narrow klass range: 0x41000000

GC Precious Log:
 CardTable entry size: 512
 Card Set container configuration: InlinePtr #cards 5 size 8 Array Of Cards #cards 10 size 36 Howl #buckets 4 coarsen threshold 1843 Howl Bitmap #cards 512 size 80 coarsen threshold 460 Card regions per heap region 1 cards per card region 2048
 CPUs: 8 total, 8 available
 Memory: 7929M
 Large Page Support: Disabled
 NUMA Support: Disabled
 Compressed Oops: Enabled (32-bit)
 Heap Region Size: 1M
 Heap Min Capacity: 8M
 Heap Initial Capacity: 124M
 Heap Max Capacity: 1984M
 Pre-touch: Disabled
 Parallel Workers: 8
 Concurrent Workers: 2
 Concurrent Refinement Workers: 8
 Periodic GC: Disabled

Heap:
 garbage-first heap   total reserved 2031616K, committed 58368K, used 34329K [0x0000000084000000, 0x0000000100000000)
  region size 1024K, 14 young (14336K), 4 survivors (4096K)
 Metaspace       used 61738K, committed 62336K, reserved 1114112K
  class space    used 8650K, committed 8896K, reserved 1048576K

Heap Regions: E=young(eden), S=young(survivor), O=old, HS=humongous(starts), HC=humongous(continues), CS=collection set, F=free, TAMS=top-at-mark-start, PB=parsable bottom
|   0|0x0000000084000000, 0x0000000084100000, 0x0000000084100000|100%|HS|  |TAMS 0x0000000084000000| PB 0x0000000084000000| Complete |  0
|   1|0x0000000084100000, 0x0000000084200000, 0x0000000084200000|100%|HS|  |TAMS 0x0000000084100000| PB 0x0000000084100000| Complete |  0
|   2|0x0000000084200000, 0x0000000084300000, 0x0000000084300000|100%| O|  |TAMS 0x0000000084200000| PB 0x0000000084200000| Untracked |  0
|   3|0x0000000084300000, 0x0000000084400000, 0x0000000084400000|100%| O|  |TAMS 0x0000000084300000| PB 0x0000000084300000| Untracked |  0
|   4|0x0000000084400000, 0x0000000084500000, 0x0000000084500000|100%| O|  |TAMS 0x0000000084400000| PB 0x0000000084400000| Untracked |  0
|   5|0x0000000084500000, 0x0000000084600000, 0x0000000084600000|100%| O|  |TAMS 0x0000000084500000| PB 0x0000000084500000| Untracked |  0
|   6|0x0000000084600000, 0x0000000084700000, 0x0000000084700000|100%| O|  |TAMS 0x0000000084600000| PB 0x0000000084600000| Untracked |  0
|   7|0x0000000084700000, 0x0000000084800000, 0x0000000084800000|100%| O|  |TAMS 0x0000000084700000| PB 0x0000000084700000| Untracked |  0
|   8|0x0000000084800000, 0x0000000084900000, 0x0000000084900000|100%| O|  |TAMS 0x0000000084800000| PB 0x0000000084800000| Untracked |  0
|   9|0x0000000084900000, 0x0000000084a00000, 0x0000000084a00000|100%| O|  |TAMS 0x0000000084900000| PB 0x0000000084900000| Untracked |  0
|  10|0x0000000084a00000, 0x0000000084b00000, 0x0000000084b00000|100%| O|  |TAMS 0x0000000084a00000| PB 0x0000000084a00000| Untracked |  0
|  11|0x0000000084b00000, 0x0000000084c00000, 0x0000000084c00000|100%| O|  |TAMS 0x0000000084b00000| PB 0x0000000084b00000| Untracked |  0
|  12|0x0000000084c00000, 0x0000000084d00000, 0x0000000084d00000|100%| O|  |TAMS 0x0000000084c00000| PB 0x0000000084c00000| Untracked |  0
|  13|0x0000000084d00000, 0x0000000084e00000, 0x0000000084e00000|100%| O|  |TAMS 0x0000000084d00000| PB 0x0000000084d00000| Untracked |  0
|  14|0x0000000084e00000, 0x0000000084f00000, 0x0000000084f00000|100%| O|  |TAMS 0x0000000084e00000| PB 0x0000000084e00000| Untracked |  0
|  15|0x0000000084f00000, 0x0000000085000000, 0x0000000085000000|100%| O|  |TAMS 0x0000000084f00000| PB 0x0000000084f00000| Untracked |  0
|  16|0x0000000085000000, 0x0000000085100000, 0x0000000085100000|100%| O|  |TAMS 0x0000000085000000| PB 0x0000000085000000| Untracked |  0
|  17|0x0000000085100000, 0x0000000085200000, 0x0000000085200000|100%| O|  |TAMS 0x0000000085100000| PB 0x0000000085100000| Untracked |  0
|  18|0x0000000085200000, 0x0000000085300000, 0x0000000085300000|100%| O|  |TAMS 0x0000000085200000| PB 0x0000000085200000| Untracked |  0
|  19|0x0000000085300000, 0x0000000085400000, 0x0000000085400000|100%| O|Cm|TAMS 0x0000000085300000| PB 0x0000000085300000| Complete |  0
|  20|0x0000000085400000, 0x0000000085500000, 0x0000000085500000|100%| O|  |TAMS 0x0000000085400000| PB 0x0000000085400000| Untracked |  0
|  21|0x0000000085500000, 0x0000000085600000, 0x0000000085600000|100%| O|  |TAMS 0x0000000085500000| PB 0x0000000085500000| Untracked |  0
|  22|0x0000000085600000, 0x000000008562a0c0, 0x0000000085700000| 16%| O|  |TAMS 0x0000000085600000| PB 0x0000000085600000| Untracked |  0
|  23|0x0000000085700000, 0x0000000085700000, 0x0000000085800000|  0%| F|  |TAMS 0x0000000085700000| PB 0x0000000085700000| Untracked |  0
|  24|0x0000000085800000, 0x0000000085800000, 0x0000000085900000|  0%| F|  |TAMS 0x0000000085800000| PB 0x0000000085800000| Untracked |  0
|  25|0x0000000085900000, 0x0000000085900000, 0x0000000085a00000|  0%| F|  |TAMS 0x0000000085900000| PB 0x0000000085900000| Untracked |  0
|  26|0x0000000085a00000, 0x0000000085a00000, 0x0000000085b00000|  0%| F|  |TAMS 0x0000000085a00000| PB 0x0000000085a00000| Untracked |  0
|  27|0x0000000085b00000, 0x0000000085b00000, 0x0000000085c00000|  0%| F|  |TAMS 0x0000000085b00000| PB 0x0000000085b00000| Untracked |  0
|  28|0x0000000085c00000, 0x0000000085c00000, 0x0000000085d00000|  0%| F|  |TAMS 0x0000000085c00000| PB 0x0000000085c00000| Untracked |  0
|  29|0x0000000085d00000, 0x0000000085d00000, 0x0000000085e00000|  0%| F|  |TAMS 0x0000000085d00000| PB 0x0000000085d00000| Untracked |  0
|  30|0x0000000085e00000, 0x0000000085e00000, 0x0000000085f00000|  0%| F|  |TAMS 0x0000000085e00000| PB 0x0000000085e00000| Untracked |  0
|  31|0x0000000085f00000, 0x0000000085f5c540, 0x0000000086000000| 36%| S|CS|TAMS 0x0000000085f00000| PB 0x0000000085f00000| Complete |  0
|  32|0x0000000086000000, 0x0000000086100000, 0x0000000086100000|100%| S|CS|TAMS 0x0000000086000000| PB 0x0000000086000000| Complete |  0
|  33|0x0000000086100000, 0x0000000086200000, 0x0000000086200000|100%| S|CS|TAMS 0x0000000086100000| PB 0x0000000086100000| Complete |  0
|  34|0x0000000086200000, 0x0000000086300000, 0x0000000086300000|100%| S|CS|TAMS 0x0000000086200000| PB 0x0000000086200000| Complete |  0
|  35|0x0000000086300000, 0x0000000086300000, 0x0000000086400000|  0%| F|  |TAMS 0x0000000086300000| PB 0x0000000086300000| Untracked |  0
|  36|0x0000000086400000, 0x0000000086400000, 0x0000000086500000|  0%| F|  |TAMS 0x0000000086400000| PB 0x0000000086400000| Untracked |  0
|  37|0x0000000086500000, 0x0000000086500000, 0x0000000086600000|  0%| F|  |TAMS 0x0000000086500000| PB 0x0000000086500000| Untracked |  0
|  38|0x0000000086600000, 0x0000000086600000, 0x0000000086700000|  0%| F|  |TAMS 0x0000000086600000| PB 0x0000000086600000| Untracked |  0
|  39|0x0000000086700000, 0x0000000086700000, 0x0000000086800000|  0%| F|  |TAMS 0x0000000086700000| PB 0x0000000086700000| Untracked |  0
|  40|0x0000000086800000, 0x0000000086800000, 0x0000000086900000|  0%| F|  |TAMS 0x0000000086800000| PB 0x0000000086800000| Untracked |  0
|  41|0x0000000086900000, 0x0000000086900000, 0x0000000086a00000|  0%| F|  |TAMS 0x0000000086900000| PB 0x0000000086900000| Untracked |  0
|  42|0x0000000086a00000, 0x0000000086a00000, 0x0000000086b00000|  0%| F|  |TAMS 0x0000000086a00000| PB 0x0000000086a00000| Untracked |  0
|  43|0x0000000086b00000, 0x0000000086b00000, 0x0000000086c00000|  0%| F|  |TAMS 0x0000000086b00000| PB 0x0000000086b00000| Untracked |  0
|  44|0x0000000086c00000, 0x0000000086c00000, 0x0000000086d00000|  0%| F|  |TAMS 0x0000000086c00000| PB 0x0000000086c00000| Untracked |  0
|  45|0x0000000086d00000, 0x0000000086d00000, 0x0000000086e00000|  0%| F|  |TAMS 0x0000000086d00000| PB 0x0000000086d00000| Untracked |  0
|  46|0x0000000086e00000, 0x0000000086e00000, 0x0000000086f00000|  0%| F|  |TAMS 0x0000000086e00000| PB 0x0000000086e00000| Untracked |  0
|  47|0x0000000086f00000, 0x0000000086f823b8, 0x0000000087000000| 50%| E|  |TAMS 0x0000000086f00000| PB 0x0000000086f00000| Complete |  0
|  48|0x0000000087000000, 0x0000000087100000, 0x0000000087100000|100%| E|  |TAMS 0x0000000087000000| PB 0x0000000087000000| Complete |  0
|  49|0x0000000087100000, 0x0000000087200000, 0x0000000087200000|100%| E|CS|TAMS 0x0000000087100000| PB 0x0000000087100000| Complete |  0
|  84|0x0000000089400000, 0x0000000089500000, 0x0000000089500000|100%| E|CS|TAMS 0x0000000089400000| PB 0x0000000089400000| Complete |  0
|  85|0x0000000089500000, 0x0000000089600000, 0x0000000089600000|100%| E|CS|TAMS 0x0000000089500000| PB 0x0000000089500000| Complete |  0
|  86|0x0000000089600000, 0x0000000089700000, 0x0000000089700000|100%| E|CS|TAMS 0x0000000089600000| PB 0x0000000089600000| Complete |  0
|  87|0x0000000089700000, 0x0000000089800000, 0x0000000089800000|100%| E|CS|TAMS 0x0000000089700000| PB 0x0000000089700000| Complete |  0
|  88|0x0000000089800000, 0x0000000089900000, 0x0000000089900000|100%| E|CS|TAMS 0x0000000089800000| PB 0x0000000089800000| Complete |  0
| 122|0x000000008ba00000, 0x000000008bb00000, 0x000000008bb00000|100%| E|CS|TAMS 0x000000008ba00000| PB 0x000000008ba00000| Complete |  0
| 123|0x000000008bb00000, 0x000000008bc00000, 0x000000008bc00000|100%| E|CS|TAMS 0x000000008bb00000| PB 0x000000008bb00000| Complete |  0

Card table byte_map: [0x000002377e5f0000,0x000002377e9d0000] _byte_map_base: 0x000002377e1d0000

Marking Bits: (CMBitMap*) 0x00000237756ed0f0
 Bits: [0x000002370f000000, 0x0000023710f00000)

Polling page: 0x0000023773410000

Metaspace:

Usage:
  Non-class:     51.86 MB used.
      Class:      8.46 MB used.
       Both:     60.32 MB used.

Virtual space:
  Non-class space:       64.00 MB reserved,      52.19 MB ( 82%) committed,  1 nodes.
      Class space:        1.00 GB reserved,       8.69 MB ( <1%) committed,  1 nodes.
             Both:        1.06 GB reserved,      60.88 MB (  6%) committed. 

Chunk freelists:
   Non-Class:  11.52 MB
       Class:  7.31 MB
        Both:  18.83 MB

MaxMetaspaceSize: unlimited
CompressedClassSpaceSize: 1.00 GB
Initial GC threshold: 21.00 MB
Current GC threshold: 98.56 MB
CDS: on
 - commit_granule_bytes: 65536.
 - commit_granule_words: 8192.
 - virtual_space_node_default_size: 8388608.
 - enlarge_chunks_in_place: 1.
 - use_allocation_guard: 0.


Internal statistics:

num_allocs_failed_limit: 9.
num_arena_births: 824.
num_arena_deaths: 0.
num_vsnodes_births: 2.
num_vsnodes_deaths: 0.
num_space_committed: 974.
num_space_uncommitted: 0.
num_chunks_returned_to_freelist: 9.
num_chunks_taken_from_freelist: 3002.
num_chunk_merges: 9.
num_chunk_splits: 2180.
num_chunks_enlarged: 1696.
num_inconsistent_stats: 0.

CodeHeap 'non-profiled nmethods': size=120064Kb used=2507Kb max_used=2706Kb free=117556Kb
 bounds [0x0000023707ac0000, 0x0000023707d70000, 0x000002370f000000]
CodeHeap 'profiled nmethods': size=120000Kb used=7595Kb max_used=8241Kb free=112404Kb
 bounds [0x0000023700000000, 0x0000023700810000, 0x0000023707530000]
CodeHeap 'non-nmethods': size=5696Kb used=1665Kb max_used=1690Kb free=4030Kb
 bounds [0x0000023707530000, 0x00000237077a0000, 0x0000023707ac0000]
CodeCache: size=245760Kb, used=11767Kb, max_used=12637Kb, free=233990Kb
 total_blobs=5840, nmethods=5119, adapters=626, full_count=0
Compilation: enabled, stopped_count=0, restarted_count=0

Compilation events (20 events):
Event: 13.309 Thread 0x000002377f410ab0 5798       3       java.util.stream.FindOps$FindSink$OfRef::get (5 bytes)
Event: 13.309 Thread 0x000002375bb161e0 nmethod 5797 0x0000023707b8ea08 code [0x0000023707b8eb00, 0x0000023707b8ebd0]
Event: 13.309 Thread 0x000002377f410ab0 nmethod 5798 0x0000023700083388 code [0x0000023700083500, 0x0000023700083a00]
Event: 13.310 Thread 0x000002377f410ab0 5799       3       java.util.Spliterators::spliteratorUnknownSize (16 bytes)
Event: 13.310 Thread 0x000002377f410ab0 nmethod 5799 0x0000023700106c08 code [0x0000023700106d60, 0x0000023700107260]
Event: 13.310 Thread 0x000002377f410ab0 5800       3       java.util.Spliterators$IteratorSpliterator::<init> (31 bytes)
Event: 13.310 Thread 0x000002377f410ab0 nmethod 5800 0x0000023700120f88 code [0x00000237001210a0, 0x00000237001212b0]
Event: 13.317 Thread 0x000002377f410ab0 5801       3       java.lang.Iterable::spliterator (11 bytes)
Event: 13.317 Thread 0x000002377f410ab0 nmethod 5801 0x000002370014a288 code [0x000002370014a400, 0x000002370014aa38]
Event: 13.317 Thread 0x000002377f410ab0 5802       3       org.springframework.data.util.Streamable::stream (11 bytes)
Event: 13.318 Thread 0x000002377f410ab0 nmethod 5802 0x0000023700143d08 code [0x0000023700143e40, 0x0000023700144040]
Event: 13.323 Thread 0x000002375bb161e0 5803   !   4       org.springframework.util.ReflectionUtils::doWithMethods (186 bytes)
Event: 13.326 Thread 0x000002377f410ab0 5804   !   3       java.util.concurrent.ConcurrentHashMap::computeIfAbsent (576 bytes)
Event: 13.329 Thread 0x000002377f410ab0 nmethod 5804 0x00000237004b0e88 code [0x00000237004b1240, 0x00000237004b3560]
Event: 13.335 Thread 0x000002377f410ab0 5805       3       org.springframework.data.util.Lazy::getNullable (35 bytes)
Event: 13.336 Thread 0x000002377f410ab0 nmethod 5805 0x00000237001d3908 code [0x00000237001d3a40, 0x00000237001d3ce8]
Event: 13.347 Thread 0x000002377f410ab0 5806   !   3       jdk.internal.reflect.DirectMethodHandleAccessor::invoke (92 bytes)
Event: 13.350 Thread 0x000002377f410ab0 nmethod 5806 0x000002370030bc88 code [0x000002370030c100, 0x000002370030e298]
Event: 13.350 Thread 0x000002377f410ab0 5807       1       org.springframework.util.ConcurrentLruCache$Node::getPrevious (5 bytes)
Event: 13.350 Thread 0x000002377f410ab0 nmethod 5807 0x0000023707bd4308 code [0x0000023707bd4420, 0x0000023707bd44e8]

GC Heap History (20 events):
Event: 3.387 GC heap before
{Heap before GC invocations=2 (full 0):
 garbage-first heap   total reserved 2031616K, committed 126976K, used 42211K [0x0000000084000000, 0x0000000100000000)
  region size 1024K, 35 young (35840K), 2 survivors (2048K)
 Metaspace       used 21229K, committed 21504K, reserved 1114112K
  class space    used 2716K, committed 2880K, reserved 1048576K
}
Event: 3.395 GC heap after
{Heap after GC invocations=3 (full 0):
 garbage-first heap   total reserved 2031616K, committed 126976K, used 13544K [0x0000000084000000, 0x0000000100000000)
  region size 1024K, 5 young (5120K), 5 survivors (5120K)
 Metaspace       used 21229K, committed 21504K, reserved 1114112K
  class space    used 2716K, committed 2880K, reserved 1048576K
}
Event: 4.100 GC heap before
{Heap before GC invocations=4 (full 0):
 garbage-first heap   total reserved 2031616K, committed 48128K, used 36072K [0x0000000084000000, 0x0000000100000000)
  region size 1024K, 28 young (28672K), 5 survivors (5120K)
 Metaspace       used 24718K, committed 25024K, reserved 1114112K
  class space    used 3179K, committed 3328K, reserved 1048576K
}
Event: 4.110 GC heap after
{Heap after GC invocations=5 (full 0):
 garbage-first heap   total reserved 2031616K, committed 48128K, used 15764K [0x0000000084000000, 0x0000000100000000)
  region size 1024K, 3 young (3072K), 3 survivors (3072K)
 Metaspace       used 24718K, committed 25024K, reserved 1114112K
  class space    used 3179K, committed 3328K, reserved 1048576K
}
Event: 5.036 GC heap before
{Heap before GC invocations=5 (full 0):
 garbage-first heap   total reserved 2031616K, committed 48128K, used 35220K [0x0000000084000000, 0x0000000100000000)
  region size 1024K, 22 young (22528K), 3 survivors (3072K)
 Metaspace       used 27805K, committed 28224K, reserved 1114112K
  class space    used 3621K, committed 3776K, reserved 1048576K
}
Event: 5.052 GC heap after
{Heap after GC invocations=6 (full 0):
 garbage-first heap   total reserved 2031616K, committed 48128K, used 17239K [0x0000000084000000, 0x0000000100000000)
  region size 1024K, 2 young (2048K), 2 survivors (2048K)
 Metaspace       used 27805K, committed 28224K, reserved 1114112K
  class space    used 3621K, committed 3776K, reserved 1048576K
}
Event: 5.866 GC heap before
{Heap before GC invocations=6 (full 0):
 garbage-first heap   total reserved 2031616K, committed 48128K, used 35671K [0x0000000084000000, 0x0000000100000000)
  region size 1024K, 21 young (21504K), 2 survivors (2048K)
 Metaspace       used 32319K, committed 32832K, reserved 1114112K
  class space    used 4245K, committed 4480K, reserved 1048576K
}
Event: 5.874 GC heap after
{Heap after GC invocations=7 (full 0):
 garbage-first heap   total reserved 2031616K, committed 48128K, used 19565K [0x0000000084000000, 0x0000000100000000)
  region size 1024K, 3 young (3072K), 3 survivors (3072K)
 Metaspace       used 32319K, committed 32832K, reserved 1114112K
  class space    used 4245K, committed 4480K, reserved 1048576K
}
Event: 6.535 GC heap before
{Heap before GC invocations=7 (full 0):
 garbage-first heap   total reserved 2031616K, committed 48128K, used 35949K [0x0000000084000000, 0x0000000100000000)
  region size 1024K, 20 young (20480K), 3 survivors (3072K)
 Metaspace       used 35576K, committed 36096K, reserved 1114112K
  class space    used 4722K, committed 4928K, reserved 1048576K
}
Event: 6.539 GC heap after
{Heap after GC invocations=8 (full 0):
 garbage-first heap   total reserved 2031616K, committed 48128K, used 20739K [0x0000000084000000, 0x0000000100000000)
  region size 1024K, 2 young (2048K), 2 survivors (2048K)
 Metaspace       used 35576K, committed 36096K, reserved 1114112K
  class space    used 4722K, committed 4928K, reserved 1048576K
}
Event: 7.117 GC heap before
{Heap before GC invocations=9 (full 0):
 garbage-first heap   total reserved 2031616K, committed 48128K, used 39171K [0x0000000084000000, 0x0000000100000000)
  region size 1024K, 20 young (20480K), 2 survivors (2048K)
 Metaspace       used 40156K, committed 40704K, reserved 1114112K
  class space    used 5519K, committed 5760K, reserved 1048576K
}
Event: 7.121 GC heap after
{Heap after GC invocations=10 (full 0):
 garbage-first heap   total reserved 2031616K, committed 48128K, used 21438K [0x0000000084000000, 0x0000000100000000)
  region size 1024K, 2 young (2048K), 2 survivors (2048K)
 Metaspace       used 40156K, committed 40704K, reserved 1114112K
  class space    used 5519K, committed 5760K, reserved 1048576K
}
Event: 9.847 GC heap before
{Heap before GC invocations=10 (full 0):
 garbage-first heap   total reserved 2031616K, committed 48128K, used 39870K [0x0000000084000000, 0x0000000100000000)
  region size 1024K, 21 young (21504K), 2 survivors (2048K)
 Metaspace       used 45873K, committed 46464K, reserved 1114112K
  class space    used 6255K, committed 6528K, reserved 1048576K
}
Event: 9.855 GC heap after
{Heap after GC invocations=11 (full 0):
 garbage-first heap   total reserved 2031616K, committed 48128K, used 22796K [0x0000000084000000, 0x0000000100000000)
  region size 1024K, 3 young (3072K), 3 survivors (3072K)
 Metaspace       used 45873K, committed 46464K, reserved 1114112K
  class space    used 6255K, committed 6528K, reserved 1048576K
}
Event: 10.492 GC heap before
{Heap before GC invocations=11 (full 0):
 garbage-first heap   total reserved 2031616K, committed 48128K, used 40204K [0x0000000084000000, 0x0000000100000000)
  region size 1024K, 21 young (21504K), 3 survivors (3072K)
 Metaspace       used 49977K, committed 50496K, reserved 1114112K
  class space    used 6792K, committed 7040K, reserved 1048576K
}
Event: 10.515 GC heap after
{Heap after GC invocations=12 (full 0):
 garbage-first heap   total reserved 2031616K, committed 48128K, used 24032K [0x0000000084000000, 0x0000000100000000)
  region size 1024K, 3 young (3072K), 3 survivors (3072K)
 Metaspace       used 49977K, committed 50496K, reserved 1114112K
  class space    used 6792K, committed 7040K, reserved 1048576K
}
Event: 11.422 GC heap before
{Heap before GC invocations=12 (full 0):
 garbage-first heap   total reserved 2031616K, committed 48128K, used 40416K [0x0000000084000000, 0x0000000100000000)
  region size 1024K, 20 young (20480K), 3 survivors (3072K)
 Metaspace       used 55333K, committed 55872K, reserved 1114112K
  class space    used 7705K, committed 7936K, reserved 1048576K
}
Event: 11.429 GC heap after
{Heap after GC invocations=13 (full 0):
 garbage-first heap   total reserved 2031616K, committed 58368K, used 24541K [0x0000000084000000, 0x0000000100000000)
  region size 1024K, 2 young (2048K), 2 survivors (2048K)
 Metaspace       used 55333K, committed 55872K, reserved 1114112K
  class space    used 7705K, committed 7936K, reserved 1048576K
}
Event: 13.101 GC heap before
{Heap before GC invocations=13 (full 0):
 garbage-first heap   total reserved 2031616K, committed 58368K, used 46045K [0x0000000084000000, 0x0000000100000000)
  region size 1024K, 24 young (24576K), 2 survivors (2048K)
 Metaspace       used 59904K, committed 60480K, reserved 1114112K
  class space    used 8320K, committed 8576K, reserved 1048576K
}
Event: 13.110 GC heap after
{Heap after GC invocations=14 (full 0):
 garbage-first heap   total reserved 2031616K, committed 58368K, used 26137K [0x0000000084000000, 0x0000000100000000)
  region size 1024K, 4 young (4096K), 4 survivors (4096K)
 Metaspace       used 59904K, committed 60480K, reserved 1114112K
  class space    used 8320K, committed 8576K, reserved 1048576K
}

Dll operation events (14 events):
Event: 0.013 Loaded shared library C:\Program Files\Java\jdk-23\bin\java.dll
Event: 0.068 Loaded shared library C:\Program Files\Java\jdk-23\bin\jsvml.dll
Event: 0.168 Loaded shared library C:\Program Files\Java\jdk-23\bin\zip.dll
Event: 0.172 Loaded shared library C:\Program Files\Java\jdk-23\bin\instrument.dll
Event: 0.176 Loaded shared library C:\Program Files\Java\jdk-23\bin\net.dll
Event: 0.180 Loaded shared library C:\Program Files\Java\jdk-23\bin\nio.dll
Event: 0.190 Loaded shared library C:\Program Files\Java\jdk-23\bin\zip.dll
Event: 0.358 Loaded shared library C:\Users\user11\IntelliJ IDEA Community Edition 2024.2.1\bin\breakgen64.dll
Event: 0.374 Loaded shared library C:\Program Files\Java\jdk-23\bin\extnet.dll
Event: 0.436 Loaded shared library C:\Program Files\Java\jdk-23\bin\jimage.dll
Event: 3.665 Loaded shared library C:\Program Files\Java\jdk-23\bin\sunmscapi.dll
Event: 5.851 Loaded shared library C:\Program Files\Java\jdk-23\bin\management.dll
Event: 5.852 Loaded shared library C:\Program Files\Java\jdk-23\bin\management_ext.dll
Event: 6.795 Loaded shared library C:\Program Files\Java\jdk-23\bin\verify.dll

Deoptimization events (20 events):
Event: 12.923 Thread 0x0000023775694db0 Uncommon trap: trap_request=0xffffff45 fr.pc=0x0000023707d2b848 relative=0x0000000000004528
Event: 12.923 Thread 0x0000023775694db0 Uncommon trap: reason=unstable_if action=reinterpret pc=0x0000023707d2b848 method=jdk.internal.classfile.impl.StackCounter.<init>(Ljdk/internal/classfile/impl/LabelContext;Ljava/lang/constant/ClassDesc;Ljava/lang/String;Ljava/lang/constant/MethodTypeDesc;
Event: 12.923 Thread 0x0000023775694db0 DEOPT PACKING pc=0x0000023707d2b848 sp=0x00000039a99fc050
Event: 12.923 Thread 0x0000023775694db0 DEOPT UNPACKING pc=0x0000023707584402 sp=0x00000039a99fbfe0 mode 2
Event: 12.978 Thread 0x0000023775694db0 Uncommon trap: trap_request=0xffffff45 fr.pc=0x0000023707b065a8 relative=0x0000000000000988
Event: 12.978 Thread 0x0000023775694db0 Uncommon trap: reason=unstable_if action=reinterpret pc=0x0000023707b065a8 method=java.util.WeakHashMap.put(Ljava/lang/Object;Ljava/lang/Object;)Ljava/lang/Object; @ 146 c2
Event: 12.978 Thread 0x0000023775694db0 DEOPT PACKING pc=0x0000023707b065a8 sp=0x00000039a99fc290
Event: 12.978 Thread 0x0000023775694db0 DEOPT UNPACKING pc=0x0000023707584402 sp=0x00000039a99fc268 mode 2
Event: 13.011 Thread 0x0000023775694db0 Uncommon trap: trap_request=0xffffffcc fr.pc=0x0000023707d5e248 relative=0x0000000000000228
Event: 13.011 Thread 0x0000023775694db0 Uncommon trap: reason=intrinsic_or_type_checked_inlining action=make_not_entrant pc=0x0000023707d5e248 method=java.util.ArrayList.toArray([Ljava/lang/Object;)[Ljava/lang/Object; @ 36 c2
Event: 13.011 Thread 0x0000023775694db0 DEOPT PACKING pc=0x0000023707d5e248 sp=0x00000039a99fc3a0
Event: 13.011 Thread 0x0000023775694db0 DEOPT UNPACKING pc=0x0000023707584402 sp=0x00000039a99fc350 mode 2
Event: 13.238 Thread 0x0000023775694db0 Uncommon trap: trap_request=0xffffff76 fr.pc=0x0000023707cb18b8 relative=0x00000000000042f8
Event: 13.238 Thread 0x0000023775694db0 Uncommon trap: reason=predicate action=maybe_recompile pc=0x0000023707cb18b8 method=org.springframework.util.ReflectionUtils.doWithMethods(Ljava/lang/Class;Lorg/springframework/util/ReflectionUtils$MethodCallback;Lorg/springframework/util/ReflectionUtils$
Event: 13.238 Thread 0x0000023775694db0 DEOPT PACKING pc=0x0000023707cb18b8 sp=0x00000039a99fd060
Event: 13.238 Thread 0x0000023775694db0 DEOPT UNPACKING pc=0x0000023707584402 sp=0x00000039a99fd0a8 mode 2
Event: 13.303 Thread 0x0000023775694db0 Uncommon trap: trap_request=0xffffff45 fr.pc=0x0000023707c26460 relative=0x0000000000001000
Event: 13.303 Thread 0x0000023775694db0 Uncommon trap: reason=unstable_if action=reinterpret pc=0x0000023707c26460 method=java.util.concurrent.ConcurrentHashMap.computeIfAbsent(Ljava/lang/Object;Ljava/util/function/Function;)Ljava/lang/Object; @ 123 c2
Event: 13.303 Thread 0x0000023775694db0 DEOPT PACKING pc=0x0000023707c26460 sp=0x00000039a99fd120
Event: 13.303 Thread 0x0000023775694db0 DEOPT UNPACKING pc=0x0000023707584402 sp=0x00000039a99fd0a0 mode 2

Classes loaded (20 events):
Event: 12.838 Loading class javax/naming/Reference
Event: 12.838 Loading class javax/naming/Reference done
Event: 12.887 Loading class java/lang/SafeVarargs
Event: 12.887 Loading class java/lang/SafeVarargs done
Event: 12.890 Loading class sun/reflect/generics/reflectiveObjects/GenericArrayTypeImpl
Event: 12.890 Loading class sun/reflect/generics/reflectiveObjects/GenericArrayTypeImpl done
Event: 13.255 Loading class java/util/WeakHashMap$KeyIterator
Event: 13.255 Loading class java/util/WeakHashMap$HashIterator
Event: 13.255 Loading class java/util/WeakHashMap$HashIterator done
Event: 13.255 Loading class java/util/WeakHashMap$KeyIterator done
Event: 13.255 Loading class java/util/WeakHashMap$EntrySet
Event: 13.255 Loading class java/util/WeakHashMap$EntrySet done
Event: 13.256 Loading class java/util/WeakHashMap$EntryIterator
Event: 13.256 Loading class java/util/WeakHashMap$EntryIterator done
Event: 13.315 Loading class java/lang/Package$1PackageInfoProxy
Event: 13.315 Loading class java/lang/Package$1PackageInfoProxy done
Event: 13.345 Loading class java/util/stream/ReduceOps$5
Event: 13.346 Loading class java/util/stream/ReduceOps$5 done
Event: 13.346 Loading class java/util/stream/ReduceOps$CountingSink$OfRef
Event: 13.346 Loading class java/util/stream/ReduceOps$CountingSink$OfRef done

Classes unloaded (0 events):
No events

Classes redefined (0 events):
No events

Internal exceptions (20 events):
Event: 11.646 Thread 0x0000023775694db0 Exception <a 'java/lang/NoSuchMethodError'{0x00000000896a64b8}: 'java.lang.Object java.lang.invoke.DirectMethodHandle$Holder.newInvokeSpecial(java.lang.Object, java.lang.Object, int)'> (0x00000000896a64b8) 
thrown [s\open\src\hotspot\share\interpreter\linkResolver.cpp, line 796]
Event: 11.701 Thread 0x0000023775694db0 Exception <a 'java/lang/NoSuchMethodError'{0x00000000895f31c8}: 'int java.lang.invoke.DirectMethodHandle$Holder.invokeSpecial(java.lang.Object, java.lang.Object, int, java.lang.Object)'> (0x00000000895f31c8) 
thrown [s\open\src\hotspot\share\interpreter\linkResolver.cpp, line 796]
Event: 11.703 Thread 0x0000023775694db0 Exception <a 'java/lang/NoSuchMethodError'{0x00000000895fbab8}: 'int java.lang.invoke.DirectMethodHandle$Holder.invokeStatic(java.lang.Object, int, java.lang.Object)'> (0x00000000895fbab8) 
thrown [s\open\src\hotspot\share\interpreter\linkResolver.cpp, line 796]
Event: 11.715 Thread 0x0000023775694db0 Exception <a 'java/lang/NoSuchMethodError'{0x0000000089418980}: 'java.lang.Object java.lang.invoke.DirectMethodHandle$Holder.newInvokeSpecial(java.lang.Object, java.lang.Object, java.lang.Object, java.lang.Object, java.lang.Object, int, java.lang.Object)'> (0x0000000089418980) 
thrown [s\open\src\hotspot\share\interpreter\linkResolver.cpp, line 796]
Event: 11.734 Thread 0x0000023775694db0 Exception <a 'java/lang/NoSuchMethodError'{0x0000000089448630}: 'java.lang.Object java.lang.invoke.DirectMethodHandle$Holder.newInvokeSpecial(java.lang.Object, java.lang.Object, java.lang.Object, java.lang.Object, java.lang.Object, java.lang.Object, java.lang.Object, java.lang.Object, java.lang.Object, java.lang.Object, java.lang.Object, java.lang.Object)'> (0x0000000089448630) 
thrown [s\open\src\hotspot\share\interpreter\linkResolver.cpp, line 796]
Event: 11.736 Thread 0x0000023775694db0 Exception <a 'java/lang/NoSuchMethodError'{0x00000000894515d8}: 'java.lang.Object java.lang.invoke.Invokers$Holder.linkToTargetMethod(java.lang.Object, java.lang.Object, java.lang.Object, java.lang.Object, java.lang.Object, java.lang.Object, java.lang.Object, java.lang.Object, java.lang.Object, java.lang.Object, java.lang.Object, java.lang.Object)'> (0x00000000894515d8) 
thrown [s\open\src\hotspot\share\interpreter\linkResolver.cpp, line 796]
Event: 11.934 Thread 0x0000023775694db0 Exception <a 'java/lang/IncompatibleClassChangeError'{0x00000000871c44a8}: Found class java.lang.Object, but interface was expected> (0x00000000871c44a8) 
thrown [s\open\src\hotspot\share\interpreter\linkResolver.cpp, line 863]
Event: 11.995 Thread 0x0000023775694db0 Exception <a 'java/lang/NoSuchMethodError'{0x00000000870395c0}: 'java.lang.Object java.lang.invoke.DirectMethodHandle$Holder.newInvokeSpecial(java.lang.Object, java.lang.Object, int, java.lang.Object, int, java.lang.Object, java.lang.Object)'> (0x00000000870395c0) 
thrown [s\open\src\hotspot\share\interpreter\linkResolver.cpp, line 796]
Event: 12.026 Thread 0x0000023775694db0 Exception <a 'java/lang/NoSuchMethodError'{0x000000008707fc38}: 'java.lang.Object java.lang.invoke.DirectMethodHandle$Holder.newInvokeSpecial(java.lang.Object, java.lang.Object, java.lang.Object, java.lang.Object, java.lang.Object, java.lang.Object, java.lang.Object, int)'> (0x000000008707fc38) 
thrown [s\open\src\hotspot\share\interpreter\linkResolver.cpp, line 796]
Event: 12.028 Thread 0x0000023775694db0 Exception <a 'java/lang/NoSuchMethodError'{0x0000000087084248}: 'java.lang.Object java.lang.invoke.DirectMethodHandle$Holder.invokeSpecial(java.lang.Object, java.lang.Object, java.lang.Object, java.lang.Object, java.lang.Object, java.lang.Object, java.lang.Object, java.lang.Object, int)'> (0x0000000087084248) 
thrown [s\open\src\hotspot\share\interpreter\linkResolver.cpp, line 796]
Event: 12.029 Thread 0x0000023775694db0 Exception <a 'java/lang/NoSuchMethodError'{0x0000000087088240}: 'java.lang.Object java.lang.invoke.Invokers$Holder.linkToTargetMethod(java.lang.Object, java.lang.Object, java.lang.Object, java.lang.Object, java.lang.Object, java.lang.Object, int, java.lang.Object)'> (0x0000000087088240) 
thrown [s\open\src\hotspot\share\interpreter\linkResolver.cpp, line 796]
Event: 12.144 Thread 0x0000023775694db0 Exception <a 'java/lang/NoSuchMethodError'{0x0000000086f40450}: 'void java.lang.invoke.DirectMethodHandle$Holder.invokeInterface(java.lang.Object, java.lang.Object)'> (0x0000000086f40450) 
thrown [s\open\src\hotspot\share\interpreter\linkResolver.cpp, line 796]
Event: 12.756 Thread 0x0000023775694db0 Exception <a 'java/lang/NoSuchMethodError'{0x0000000086b33428}: 'java.lang.Object java.lang.invoke.DirectMethodHandle$Holder.invokeSpecial(java.lang.Object, java.lang.Object, int, java.lang.Object, int)'> (0x0000000086b33428) 
thrown [s\open\src\hotspot\share\interpreter\linkResolver.cpp, line 796]
Event: 12.845 Thread 0x0000023775694db0 Exception <a 'java/lang/NoSuchMethodError'{0x0000000086a3a4f0}: 'void java.lang.invoke.Invokers$Holder.invokeExact_MT(java.lang.Object, java.lang.Object, java.lang.Object, java.lang.Object)'> (0x0000000086a3a4f0) 
thrown [s\open\src\hotspot\share\interpreter\linkResolver.cpp, line 796]
Event: 12.882 Thread 0x0000023775694db0 Implicit null exception at 0x0000023707ce6af3 to 0x0000023707ce6d5c
Event: 12.897 Thread 0x0000023775694db0 Implicit null exception at 0x0000023707d3bf3d to 0x0000023707d3c258
Event: 12.897 Thread 0x0000023775694db0 Implicit null exception at 0x0000023707d3b51a to 0x0000023707d3b554
Event: 12.974 Thread 0x0000023775694db0 Exception <a 'java/lang/IncompatibleClassChangeError'{0x00000000866b43d0}: Found class java.lang.Object, but interface was expected> (0x00000000866b43d0) 
thrown [s\open\src\hotspot\share\interpreter\linkResolver.cpp, line 863]
Event: 13.064 Thread 0x0000023775694db0 Exception <a 'java/lang/IncompatibleClassChangeError'{0x0000000086434bd8}: Found class java.lang.Object, but interface was expected> (0x0000000086434bd8) 
thrown [s\open\src\hotspot\share\interpreter\linkResolver.cpp, line 863]
Event: 13.302 Thread 0x0000023775694db0 Exception <a 'java/lang/IncompatibleClassChangeError'{0x00000000896f58b8}: Found class java.lang.Object, but interface was expected> (0x00000000896f58b8) 
thrown [s\open\src\hotspot\share\interpreter\linkResolver.cpp, line 863]

VM Operations (20 events):
Event: 9.847 Executing VM operation: G1CollectForAllocation (G1 Evacuation Pause)
Event: 9.855 Executing VM operation: G1CollectForAllocation (G1 Evacuation Pause) done
Event: 10.492 Executing VM operation: G1CollectForAllocation (G1 Evacuation Pause)
Event: 10.515 Executing VM operation: G1CollectForAllocation (G1 Evacuation Pause) done
Event: 10.923 Executing VM operation: HandshakeAllThreads (Deoptimize)
Event: 10.923 Executing VM operation: HandshakeAllThreads (Deoptimize) done
Event: 10.929 Executing VM operation: HandshakeAllThreads (Deoptimize)
Event: 10.929 Executing VM operation: HandshakeAllThreads (Deoptimize) done
Event: 11.422 Executing VM operation: G1CollectForAllocation (G1 Evacuation Pause)
Event: 11.429 Executing VM operation: G1CollectForAllocation (G1 Evacuation Pause) done
Event: 13.101 Executing VM operation: CollectForMetadataAllocation (Metadata GC Threshold)
Event: 13.110 Executing VM operation: CollectForMetadataAllocation (Metadata GC Threshold) done
Event: 13.132 Executing VM operation: G1PauseRemark
Event: 13.137 Executing VM operation: G1PauseRemark done
Event: 13.146 Executing VM operation: G1PauseCleanup
Event: 13.147 Executing VM operation: G1PauseCleanup done
Event: 13.320 Executing VM operation: HandshakeAllThreads (Deoptimize)
Event: 13.320 Executing VM operation: HandshakeAllThreads (Deoptimize) done
Event: 13.320 Executing VM operation: HandshakeAllThreads (Deoptimize)
Event: 13.320 Executing VM operation: HandshakeAllThreads (Deoptimize) done

Memory protections (0 events):
No events

Nmethod flushes (20 events):
Event: 13.136 Thread 0x000002377f3e3ff0 flushing  nmethod 0x00000237003e0588
Event: 13.136 Thread 0x000002377f3e3ff0 flushing  nmethod 0x00000237003e4088
Event: 13.136 Thread 0x000002377f3e3ff0 flushing  nmethod 0x000002370047d388
Event: 13.136 Thread 0x000002377f3e3ff0 flushing  nmethod 0x000002370047d688
Event: 13.136 Thread 0x000002377f3e3ff0 flushing  nmethod 0x00000237004a9a88
Event: 13.136 Thread 0x000002377f3e3ff0 flushing  nmethod 0x00000237004b0088
Event: 13.136 Thread 0x000002377f3e3ff0 flushing  nmethod 0x00000237004b0e88
Event: 13.136 Thread 0x000002377f3e3ff0 flushing  nmethod 0x00000237004b1208
Event: 13.136 Thread 0x000002377f3e3ff0 flushing  nmethod 0x00000237004b1588
Event: 13.136 Thread 0x000002377f3e3ff0 flushing  nmethod 0x00000237004b2888
Event: 13.136 Thread 0x000002377f3e3ff0 flushing  nmethod 0x00000237004b3088
Event: 13.136 Thread 0x000002377f3e3ff0 flushing  nmethod 0x00000237004d4808
Event: 13.136 Thread 0x000002377f3e3ff0 flushing  nmethod 0x0000023700511408
Event: 13.136 Thread 0x000002377f3e3ff0 flushing  nmethod 0x0000023700553088
Event: 13.136 Thread 0x000002377f3e3ff0 flushing  nmethod 0x000002370055bb88
Event: 13.136 Thread 0x000002377f3e3ff0 flushing  nmethod 0x0000023700561d88
Event: 13.136 Thread 0x000002377f3e3ff0 flushing  nmethod 0x0000023700565288
Event: 13.136 Thread 0x000002377f3e3ff0 flushing  nmethod 0x000002370065f508
Event: 13.136 Thread 0x000002377f3e3ff0 flushing  nmethod 0x000002370065fa88
Event: 13.136 Thread 0x000002377f3e3ff0 flushing  nmethod 0x0000023700679188

Events (20 events):
Event: 2.214 Thread 0x000002377f410ab0 Thread added: 0x000002377f40e8a0
Event: 2.715 Thread 0x0000023775694db0 Thread added: 0x00000237597f48b0
Event: 2.770 Thread 0x00000237597f48b0 Thread exited: 0x00000237597f48b0
Event: 3.691 Thread 0x0000023759109f30 Thread exited: 0x0000023759109f30
Event: 6.192 Thread 0x0000023775694db0 Thread added: 0x000002375a290e90
Event: 6.193 Thread 0x0000023775694db0 Thread added: 0x000002375a28f450
Event: 6.200 Thread 0x0000023775694db0 Thread added: 0x000002375a291520
Event: 8.907 Thread 0x000002377f40e8a0 Thread exited: 0x000002377f40e8a0
Event: 8.910 Thread 0x000002377f40f640 Thread exited: 0x000002377f40f640
Event: 9.113 Thread 0x000002377f410ab0 Thread added: 0x000002375bb146a0
Event: 9.270 Thread 0x0000023775694db0 Thread added: 0x000002375a291bb0
Event: 9.299 Thread 0x0000023775694db0 Thread added: 0x000002375a28edc0
Event: 9.402 Thread 0x000002375a28edc0 Thread added: 0x000002375ddee9d0
Event: 9.711 Thread 0x000002377f410ab0 Thread added: 0x000002375bb15440
Event: 10.410 Thread 0x000002375bb15440 Thread exited: 0x000002375bb15440
Event: 10.410 Thread 0x000002375bb146a0 Thread exited: 0x000002375bb146a0
Event: 11.241 Thread 0x000002377f410ab0 Thread added: 0x000002375bb11020
Event: 11.824 Thread 0x000002375bb11020 Thread exited: 0x000002375bb11020
Event: 12.895 Thread 0x000002377f410ab0 Thread added: 0x000002375bb11020
Event: 12.950 Thread 0x000002377f40a0b0 Thread added: 0x000002375bb161e0


Dynamic libraries:
0x00007ff68c690000 - 0x00007ff68c6a0000 	C:\Program Files\Java\jdk-23\bin\java.exe
0x00007ffe9bbe0000 - 0x00007ffe9bdce000 	C:\Windows\SYSTEM32\ntdll.dll
0x00007ffe9b610000 - 0x00007ffe9b6c3000 	C:\Windows\System32\KERNEL32.DLL
0x00007ffe98070000 - 0x00007ffe9830e000 	C:\Windows\System32\KERNELBASE.dll
0x00007ffe98310000 - 0x00007ffe9840a000 	C:\Windows\System32\ucrtbase.dll
0x00007ffe91610000 - 0x00007ffe91627000 	C:\Program Files\Java\jdk-23\bin\jli.dll
0x00007ffe9b300000 - 0x00007ffe9b497000 	C:\Windows\System32\USER32.dll
0x00007ffe98d90000 - 0x00007ffe98db0000 	C:\Windows\System32\win32u.dll
0x00007ffe998a0000 - 0x00007ffe998c9000 	C:\Windows\System32\GDI32.dll
0x00007ffe97ec0000 - 0x00007ffe98067000 	C:\Windows\System32\gdi32full.dll
0x00007ffe98c40000 - 0x00007ffe98ce0000 	C:\Windows\System32\msvcp_win.dll
0x00007ffe8e6f0000 - 0x00007ffe8e70b000 	C:\Program Files\Java\jdk-23\bin\VCRUNTIME140.dll
0x00007ffe7f450000 - 0x00007ffe7f6c9000 	C:\Windows\WinSxS\amd64_microsoft.windows.common-controls_6595b64144ccf1df_6.0.17763.6775_none_de747b1a534862f3\COMCTL32.dll
0x00007ffe9b6d0000 - 0x00007ffe9b76e000 	C:\Windows\System32\msvcrt.dll
0x00007ffe9b770000 - 0x00007ffe9ba9b000 	C:\Windows\System32\combase.dll
0x00007ffe998d0000 - 0x00007ffe999e8000 	C:\Windows\System32\RPCRT4.dll
0x00007ffe98d00000 - 0x00007ffe98d82000 	C:\Windows\System32\bcryptPrimitives.dll
0x00007ffe99870000 - 0x00007ffe9989e000 	C:\Windows\System32\IMM32.DLL
0x00007ffe95860000 - 0x00007ffe9586c000 	C:\Program Files\Java\jdk-23\bin\vcruntime140_1.dll
0x00007ffe73170000 - 0x00007ffe731fe000 	C:\Program Files\Java\jdk-23\bin\msvcp140.dll
0x00007ffe417a0000 - 0x00007ffe424ef000 	C:\Program Files\Java\jdk-23\bin\server\jvm.dll
0x00007ffe99d50000 - 0x00007ffe99df8000 	C:\Windows\System32\ADVAPI32.dll
0x00007ffe99380000 - 0x00007ffe99422000 	C:\Windows\System32\sechost.dll
0x00007ffe98410000 - 0x00007ffe98436000 	C:\Windows\System32\bcrypt.dll
0x00007ffe97be0000 - 0x00007ffe97c3d000 	C:\Windows\System32\POWRPROF.dll
0x00007ffe995c0000 - 0x00007ffe9962d000 	C:\Windows\System32\WS2_32.dll
0x00007ffe94300000 - 0x00007ffe94324000 	C:\Windows\SYSTEM32\WINMM.dll
0x00007ffe7e120000 - 0x00007ffe7e12a000 	C:\Windows\SYSTEM32\VERSION.dll
0x00007ffe94240000 - 0x00007ffe9426d000 	C:\Windows\SYSTEM32\WINMMBASE.dll
0x00007ffe98db0000 - 0x00007ffe98dfa000 	C:\Windows\System32\cfgmgr32.dll
0x00007ffe97b70000 - 0x00007ffe97b81000 	C:\Windows\System32\kernel.appcore.dll
0x00007ffe92180000 - 0x00007ffe9218a000 	C:\Program Files\Java\jdk-23\bin\jimage.dll
0x00007ffe962f0000 - 0x00007ffe964dd000 	C:\Windows\SYSTEM32\DBGHELP.DLL
0x00007ffe7a2f0000 - 0x00007ffe7a31a000 	C:\Windows\SYSTEM32\dbgcore.DLL
0x00007ffe841b0000 - 0x00007ffe841bf000 	C:\Program Files\Java\jdk-23\bin\instrument.dll
0x00007ffe841c0000 - 0x00007ffe841de000 	C:\Program Files\Java\jdk-23\bin\java.dll
0x00007ffe99b40000 - 0x00007ffe99c98000 	C:\Windows\System32\ole32.dll
0x00007ffe99e00000 - 0x00007ffe9b2f8000 	C:\Windows\System32\SHELL32.dll
0x00007ffe9baa0000 - 0x00007ffe9bb47000 	C:\Windows\System32\shcore.dll
0x00007ffe984f0000 - 0x00007ffe98c38000 	C:\Windows\System32\windows.storage.dll
0x00007ffe97b90000 - 0x00007ffe97bb3000 	C:\Windows\System32\profapi.dll
0x00007ffe999f0000 - 0x00007ffe99a42000 	C:\Windows\System32\shlwapi.dll
0x00007ffe98ce0000 - 0x00007ffe98cfb000 	C:\Windows\System32\cryptsp.dll
0x00007ffe63b10000 - 0x00007ffe63be7000 	C:\Program Files\Java\jdk-23\bin\jsvml.dll
0x00007ffe83420000 - 0x00007ffe83437000 	C:\Program Files\Java\jdk-23\bin\zip.dll
0x00007ffe84170000 - 0x00007ffe84180000 	C:\Program Files\Java\jdk-23\bin\net.dll
0x00007ffe97360000 - 0x00007ffe973c7000 	C:\Windows\system32\mswsock.dll
0x00007ffe84150000 - 0x00007ffe84166000 	C:\Program Files\Java\jdk-23\bin\nio.dll
0x00007ffe80620000 - 0x00007ffe8063a000 	C:\Users\user11\IntelliJ IDEA Community Edition 2024.2.1\bin\breakgen64.dll
0x00007ffe84140000 - 0x00007ffe84149000 	C:\Program Files\Java\jdk-23\bin\extnet.dll
0x00007ffe83410000 - 0x00007ffe8341e000 	C:\Program Files\Java\jdk-23\bin\sunmscapi.dll
0x00007ffe97c40000 - 0x00007ffe97e51000 	C:\Windows\System32\CRYPT32.dll
0x00007ffe97bc0000 - 0x00007ffe97bd2000 	C:\Windows\System32\MSASN1.dll
0x00007ffe97680000 - 0x00007ffe976ac000 	C:\Windows\SYSTEM32\ncrypt.dll
0x00007ffe97640000 - 0x00007ffe9767c000 	C:\Windows\SYSTEM32\NTASN1.dll
0x00007ffe96e80000 - 0x00007ffe96eb3000 	C:\Windows\system32\rsaenh.dll
0x00007ffe97a70000 - 0x00007ffe97a99000 	C:\Windows\SYSTEM32\USERENV.dll
0x00007ffe979b0000 - 0x00007ffe979bc000 	C:\Windows\SYSTEM32\CRYPTBASE.dll
0x00007ffe97050000 - 0x00007ffe9708d000 	C:\Windows\SYSTEM32\IPHLPAPI.DLL
0x00007ffe98ed0000 - 0x00007ffe98ed8000 	C:\Windows\System32\NSI.dll
0x00007ffe838e0000 - 0x00007ffe838ea000 	C:\Program Files\Java\jdk-23\bin\management.dll
0x00007ffe83810000 - 0x00007ffe8381b000 	C:\Program Files\Java\jdk-23\bin\management_ext.dll
0x00007ffe99860000 - 0x00007ffe99868000 	C:\Windows\System32\PSAPI.DLL
0x00007ffe82980000 - 0x00007ffe82990000 	C:\Program Files\Java\jdk-23\bin\verify.dll
0x00007ffe970a0000 - 0x00007ffe97166000 	C:\Windows\SYSTEM32\DNSAPI.dll
0x00007ffe84e70000 - 0x00007ffe84e7a000 	C:\Windows\System32\rasadhlp.dll
0x00007ffe84a30000 - 0x00007ffe84aa9000 	C:\Windows\System32\fwpuclnt.dll

dbghelp: loaded successfully - version: 4.0.5 - missing functions: none
symbol engine: initialized successfully - sym options: 0x614 - pdb path: .;C:\Program Files\Java\jdk-23\bin;C:\Windows\SYSTEM32;C:\Windows\WinSxS\amd64_microsoft.windows.common-controls_6595b64144ccf1df_6.0.17763.6775_none_de747b1a534862f3;C:\Program Files\Java\jdk-23\bin\server;C:\Users\user11\IntelliJ IDEA Community Edition 2024.2.1\bin

VM Arguments:
jvm_args: -javaagent:C:\Users\user11\IntelliJ IDEA Community Edition 2024.2.1\lib\idea_rt.jar=53708:C:\Users\user11\IntelliJ IDEA Community Edition 2024.2.1\bin -Dfile.encoding=UTF-8 -Dsun.stdout.encoding=UTF-8 -Dsun.stderr.encoding=UTF-8 
java_command: ru.kulakov.IKMWebApplication.IkmWebApplication
java_class_path (initial): C:\Users\user11\Desktop\IKMWebApplication\IKMWebApplication\target\classes;C:\Users\user11\.m2\repository\org\springframework\boot\spring-boot-starter-data-jpa\3.4.1\spring-boot-starter-data-jpa-3.4.1.jar;C:\Users\user11\.m2\repository\org\springframework\boot\spring-boot-starter\3.4.1\spring-boot-starter-3.4.1.jar;C:\Users\user11\.m2\repository\org\springframework\boot\spring-boot\3.4.1\spring-boot-3.4.1.jar;C:\Users\user11\.m2\repository\org\springframework\boot\spring-boot-autoconfigure\3.4.1\spring-boot-autoconfigure-3.4.1.jar;C:\Users\user11\.m2\repository\org\springframework\boot\spring-boot-starter-logging\3.4.1\spring-boot-starter-logging-3.4.1.jar;C:\Users\user11\.m2\repository\ch\qos\logback\logback-classic\1.5.12\logback-classic-1.5.12.jar;C:\Users\user11\.m2\repository\ch\qos\logback\logback-core\1.5.12\logback-core-1.5.12.jar;C:\Users\user11\.m2\repository\org\apache\logging\log4j\log4j-to-slf4j\2.24.3\log4j-to-slf4j-2.24.3.jar;C:\Users\user11\.m2\repository\org\apache\logging\log4j\log4j-api\2.24.3\log4j-api-2.24.3.jar;C:\Users\user11\.m2\repository\org\slf4j\jul-to-slf4j\2.0.16\jul-to-slf4j-2.0.16.jar;C:\Users\user11\.m2\repository\jakarta\annotation\jakarta.annotation-api\2.1.1\jakarta.annotation-api-2.1.1.jar;C:\Users\user11\.m2\repository\org\yaml\snakeyaml\2.3\snakeyaml-2.3.jar;C:\Users\user11\.m2\repository\org\springframework\boot\spring-boot-starter-jdbc\3.4.1\spring-boot-starter-jdbc-3.4.1.jar;C:\Users\user11\.m2\repository\com\zaxxer\HikariCP\5.1.0\HikariCP-5.1.0.jar;C:\Users\user11\.m2\repository\org\springframework\spring-jdbc\6.2.1\spring-jdbc-6.2.1.jar;C:\Users\user11\.m2\repository\org\hibernate\orm\hibernate-core\6.6.4.Final\hibernate-core-6.6.4.Final.jar;C:\Users\user11\.m2\repository\jakarta\persistence\jakarta.persistence-api\3.1.0\jakarta.persistence-api-3.1.0.jar;C:\Users\user11\.m2\repository\jakarta\transaction\jakarta.transaction-api\2.0.1\jakarta.transaction-api-2.0.1.jar;C:\Users\user11\.m2\repository\org\jboss\logging\jboss-logging\3.6.1.Final\jboss-logging-3.6.1.Final.jar;C:\Users\user11\.m2\repository\org\hibernate\common\hibernate-commons-annotations\7.0.3.Final\hibernate-commons-annotations-7.0.3.Final.jar;C:\Users\user11\.m2\repository\io\smallrye\jandex\3.2.0\jandex-3.2.0.jar;C:\Users\user11\.m2\repository\com\fasterxml\classmate\1.7.0\classmate-1.7.0.jar;C:\Users\user11\.m2\repository\net\bytebuddy\byte-buddy\1.15.11\byte-buddy-1.15.11.jar;C:\Users\user11\.m2\repository\org\glassfish\jaxb\jaxb-runtime\4.0.5\jaxb-runtime-4.0.5.jar;C:\Users\user11\.m2\repository\org\glassfish\jaxb\jaxb-core\4.0.5\jaxb-core-4.0.5.jar;C:\Users\user11\.m2\repository\org\eclipse\angus\angus-activation\2.0.2\angus-activation-2.0.2.jar;C:\Users\user11\.m2\repository\org\glassfish\jaxb\txw2\4.0.5\txw2-4.0.5.jar;C:\Users\user11\.m2\repository\com\sun\istack\istack-commons-runtime\4.1.2\istack-commons-runtime-4.1.2.jar;C:\Users\user11\.m2\repository\jakarta\inject\jakarta.inject-api\2.0.1\jakarta.inject-api-2.0.1.jar;C:\Users\user11\.m2\repository\org\antlr\antlr4-runtime\4.13.0\antlr4-runtime-4.13.0.jar;C:\Users\user11\.m2\repository\org\springframework\data\spring-data-jpa\3.4.1\spring-data-jpa-3.4.1.jar;C:\Users\user11\.m2\repository\org\springframework\data\spring-data-commons\3.4.1\spring-data-commons-3.4.1.jar;C:\Users\user11\.m2\repository\org\springframework\spring-orm\6.2.1\spring-orm-6.2.1.jar;C:\Users\user11\.m2\repository\org\springframework\spring-context\6.2.1\spring-context-6.2.1.jar;C:\Users\user11\.m2\repository\org\springframework\spring-aop\6.2.1\spring-aop-6.2.1.jar;C:\Users\user11\.m2\repository\org\springframework\spring-tx\6.2.1\spring-tx-6.2.1.jar;C:\Users\user11\.m2\repository\org\springframework\spring-beans\6.2.1\spring-beans-6.2.1.jar;C:\Users\user11\.m2\repository\org\slf4j\slf4j-api\2.0.16\slf4j-api-2.0.16.jar;C:\Users\user11\.m2\repository\org\springframework\spring-aspects\6.2.1\spring-aspects-6.2.1.jar;C:\Users\user11\.m2\repository\org\aspectj\aspectjweaver\1.9.22.1\aspectjweaver-1.9.22.1.jar;C:\Users\user11\.m2\repository\org\springframework\boot\spring-boot-starter-thymeleaf\3.4.1\spring-boot-starter-thymeleaf-3.4.1.jar;C:\Users\user11\.m2\repository\org\thymeleaf\thymeleaf-spring6\3.1.3.RELEASE\thymeleaf-spring6-3.1.3.RELEASE.jar;C:\Users\user11\.m2\repository\org\thymeleaf\thymeleaf\3.1.3.RELEASE\thymeleaf-3.1.3.RELEASE.jar;C:\Users\user11\.m2\repository\org\attoparser\attoparser\2.0.7.RELEASE\attoparser-2.0.7.RELEASE.jar;C:\Users\user11\.m2\repository\org\unbescape\unbescape\1.1.6.RELEASE\unbescape-1.1.6.RELEASE.jar;C:\Users\user11\.m2\repository\org\springframework\boot\spring-boot-starter-validation\3.4.1\spring-boot-starter-validation-3.4.1.jar;C:\Users\user11\.m2\repository\org\apache\tomcat\embed\tomcat-embed-el\10.1.34\tomcat-embed-el-10.1.34.jar;C:\Users\user11\.m2\repository\org\hibernate\validator\hibernate-validator\8.0.2.Final\hibernate-validator-8.0.2.Final.jar;C:\Users\user11\.m2\repository\jakarta\validation\jakarta.validation-api\3.0.2\jakarta.validation-api-3.0.2.jar;C:\Users\user11\.m2\repository\org\springframework\boot\spring-boot-starter-web\3.4.1\spring-boot-starter-web-3.4.1.jar;C:\Users\user11\.m2\repository\org\springframework\boot\spring-boot-starter-json\3.4.1\spring-boot-starter-json-3.4.1.jar;C:\Users\user11\.m2\repository\com\fasterxml\jackson\core\jackson-databind\2.18.2\jackson-databind-2.18.2.jar;C:\Users\user11\.m2\repository\com\fasterxml\jackson\core\jackson-annotations\2.18.2\jackson-annotations-2.18.2.jar;C:\Users\user11\.m2\repository\com\fasterxml\jackson\core\jackson-core\2.18.2\jackson-core-2.18.2.jar;C:\Users\user11\.m2\repository\com\fasterxml\jackson\datatype\jackson-datatype-jdk8\2.18.2\jackson-datatype-jdk8-2.18.2.jar;C:\Users\user11\.m2\repository\com\fasterxml\jackson\datatype\jackson-datatype-jsr310\2.18.2\jackson-datatype-jsr310-2.18.2.jar;C:\Users\user11\.m2\repository\com\fasterxml\jackson\module\jackson-module-parameter-names\2.18.2\jackson-module-parameter-names-2.18.2.jar;C:\Users\user11\.m2\repository\org\springframework\boot\spring-boot-starter-tomcat\3.4.1\spring-boot-starter-tomcat-3.4.1.jar;C:\Users\user11\.m2\repository\org\apache\tomcat\embed\tomcat-embed-core\10.1.34\tomcat-embed-core-10.1.34.jar;C:\Users\user11\.m2\repository\org\apache\tomcat\embed\tomcat-embed-websocket\10.1.34\tomcat-embed-websocket-10.1.34.jar;C:\Users\user11\.m2\repository\org\springframework\spring-web\6.2.1\spring-web-6.2.1.jar;C:\Users\user11\.m2\repository\io\micrometer\micrometer-observation\1.14.2\micrometer-observation-1.14.2.jar;C:\Users\user11\.m2\repository\io\micrometer\micrometer-commons\1.14.2\micrometer-commons-1.14.2.jar;C:\Users\user11\.m2\repository\org\springframework\spring-webmvc\6.2.1\spring-webmvc-6.2.1.jar;C:\Users\user11\.m2\repository\org\springframework\spring-expression\6.2.1\spring-expression-6.2.1.jar;C:\Users\user11\.m2\repository\org\postgresql\postgresql\42.7.4\postgresql-42.7.4.jar;C:\Users\user11\.m2\repository\org\checkerframework\checker-qual\3.42.0\checker-qual-3.42.0.jar;C:\Users\user11\.m2\repository\org\projectlombok\lombok\1.18.36\lombok-1.18.36.jar;C:\Users\user11\.m2\repository\jakarta\xml\bind\jakarta.xml.bind-api\4.0.2\jakarta.xml.bind-api-4.0.2.jar;C:\Users\user11\.m2\repository\jakarta\activation\jakarta.activation-api\2.1.3\jakarta.activation-api-2.1.3.jar;C:\Users\user11\.m2\repository\org\springframework\spring-core\6.2.1\spring-core-6.2.1.jar;C:\Users\user11\.m2\repository\org\springframework\spring-jcl\6.2.1\spring-jcl-6.2.1.jar
Launcher Type: SUN_STANDARD

[Global flags]
     intx CICompilerCount                          = 4                                         {product} {ergonomic}
     uint ConcGCThreads                            = 2                                         {product} {ergonomic}
     uint G1ConcRefinementThreads                  = 8                                         {product} {ergonomic}
   size_t G1HeapRegionSize                         = 1048576                                   {product} {ergonomic}
   size_t InitialHeapSize                          = 130023424                                 {product} {ergonomic}
   size_t MarkStackSize                            = 4194304                                   {product} {ergonomic}
   size_t MarkStackSizeMax                         = 536870912                                 {product} {ergonomic}
   size_t MaxHeapSize                              = 2080374784                                {product} {ergonomic}
   size_t MaxNewSize                               = 1247805440                                {product} {ergonomic}
   size_t MinHeapDeltaBytes                        = 1048576                                   {product} {ergonomic}
   size_t MinHeapSize                              = 8388608                                   {product} {ergonomic}
    uintx NonNMethodCodeHeapSize                   = 5832704                                {pd product} {ergonomic}
    uintx NonProfiledCodeHeapSize                  = 122945536                              {pd product} {ergonomic}
    uintx ProfiledCodeHeapSize                     = 122880000                              {pd product} {ergonomic}
    uintx ReservedCodeCacheSize                    = 251658240                              {pd product} {ergonomic}
     bool SegmentedCodeCache                       = true                                      {product} {ergonomic}
   size_t SoftMaxHeapSize                          = 2080374784                             {manageable} {ergonomic}
     bool UseCompressedOops                        = true                           {product lp64_product} {ergonomic}
     bool UseG1GC                                  = true                                      {product} {ergonomic}
     bool UseLargePagesIndividualAllocation        = false                                  {pd product} {ergonomic}

Logging:
Log output configuration:
 #0: stdout all=warning uptime,level,tags foldmultilines=false
 #1: stderr all=off uptime,level,tags foldmultilines=false

Environment Variables:
PATH=C:\Program Files\Common Files\Oracle\Java\javapath;C:\Program Files\Microsoft\jdk-11.0.16.101-hotspot\bin;C:\Program Files (x86)\Common Files\Oracle\Java\javapath;C:\Windows\system32;C:\Windows;C:\Windows\System32\Wbem;C:\Windows\System32\WindowsPowerShell\v1.0\;C:\Windows\System32\OpenSSH\;C:\Program Files (x86)\Windows Kits\10\Windows Performance Toolkit\;C:\Users\user11\;C:\Users\user11\AppData\Local\Programs\Python\Python312\Scripts\;C:\Users\user11\AppData\Local\Programs\Python\Python312\;C:\Users\user11\AppData\Local\Microsoft\WindowsApps;C:\Users\user11\AppData\Local\Programs\Microsoft VS Code\bin;C:\Users\user11\AppData\Roaming\Python\Python312\site-packages;C:\Users\user11\AppData\Roaming\npm;C:\Users\user11\PyCharm Community Edition 2024.2.1\bin;C:\Users\user11\IntelliJ IDEA Community Edition 2024.2.1\bin
USERNAME=user11
OS=Windows_NT
PROCESSOR_IDENTIFIER=Intel64 Family 6 Model 154 Stepping 4, GenuineIntel
TMP=C:\Users\user11\AppData\Local\Temp
TEMP=C:\Users\user11\AppData\Local\Temp




Periodic native trim disabled

---------------  S Y S T E M  ---------------

OS:
 Windows 10 , 64 bit Build 17763 (10.0.17763.6292)
OS uptime: 0 days 7:05 hours

CPU: total 8 (initial active 8) (4 cores per cpu, 2 threads per core) family 6 model 154 stepping 4 microcode 0x424, cx8, cmov, fxsr, ht, mmx, 3dnowpref, sse, sse2, sse3, ssse3, sse4.1, sse4.2, popcnt, lzcnt, tsc, tscinvbit, avx, avx2, aes, erms, clmul, bmi1, bmi2, adx, sha, fma, vzeroupper, clflush, clflushopt, clwb, serialize, rdtscp, rdpid, fsrm, gfni, f16c, pku, cet_ibt, cet_ss
Processor Information for the first 8 processors :
  Max Mhz: 2496, Current Mhz: 2496, Mhz Limit: 2496

Memory: 4k page, system-wide physical 7929M (798M free)
TotalPageFile size 9977M (AvailPageFile size 3M)
current process WorkingSet (physical memory assigned to process): 249M, peak: 249M
current process commit charge ("private bytes"): 287M, peak: 293M

vm_info: Java HotSpot(TM) 64-Bit Server VM (23+37-2369) for windows-amd64 JRE (23+37-2369), built on 2024-08-20T16:01:23Z with MS VC++ 17.6 (VS2022)

END.
